Build settings from command line:
    COMPILER_INDEX_STORE_ENABLE = NO

note: Using new build system

** CLEAN SUCCEEDED **

note: Using new build system
note: Planning build
note: Constructing build description
CreateBuildDirectory /Users/vitor/Library/Developer/Xcode/DerivedData/SonarConfigurationSwift-gmvfubbtayzsseesacyytvzmsxfg/Build/Products (in target 'SonarConfigurationSwift' from project 'SonarConfigurationSwift')
    cd /Users/vitor/Documents/GitHub/SonarConfigurationSwift
    builtin-create-build-directory /Users/vitor/Library/Developer/Xcode/DerivedData/SonarConfigurationSwift-gmvfubbtayzsseesacyytvzmsxfg/Build/Products

CreateBuildDirectory /Users/vitor/Library/Developer/Xcode/DerivedData/SonarConfigurationSwift-gmvfubbtayzsseesacyytvzmsxfg/Build/Intermediates.noindex (in target 'SonarConfigurationSwift' from project 'SonarConfigurationSwift')
    cd /Users/vitor/Documents/GitHub/SonarConfigurationSwift
    builtin-create-build-directory /Users/vitor/Library/Developer/Xcode/DerivedData/SonarConfigurationSwift-gmvfubbtayzsseesacyytvzmsxfg/Build/Intermediates.noindex

MkDir /Users/vitor/Library/Developer/Xcode/DerivedData/SonarConfigurationSwift-gmvfubbtayzsseesacyytvzmsxfg/Build/Products/Debug-iphonesimulator/Pods_SonarConfigurationSwift.framework (in target 'Pods-SonarConfigurationSwift' from project 'Pods')
    cd /Users/vitor/Documents/GitHub/SonarConfigurationSwift/Pods
    /bin/mkdir -p /Users/vitor/Library/Developer/Xcode/DerivedData/SonarConfigurationSwift-gmvfubbtayzsseesacyytvzmsxfg/Build/Products/Debug-iphonesimulator/Pods_SonarConfigurationSwift.framework

MkDir /Users/vitor/Library/Developer/Xcode/DerivedData/SonarConfigurationSwift-gmvfubbtayzsseesacyytvzmsxfg/Build/Products/Debug-iphonesimulator/SonarConfigurationSwift.app (in target 'SonarConfigurationSwift' from project 'SonarConfigurationSwift')
    cd /Users/vitor/Documents/GitHub/SonarConfigurationSwift
    /bin/mkdir -p /Users/vitor/Library/Developer/Xcode/DerivedData/SonarConfigurationSwift-gmvfubbtayzsseesacyytvzmsxfg/Build/Products/Debug-iphonesimulator/SonarConfigurationSwift.app

MkDir /Users/vitor/Library/Developer/Xcode/DerivedData/SonarConfigurationSwift-gmvfubbtayzsseesacyytvzmsxfg/Build/Products/Debug-iphonesimulator/Pods_SonarConfigurationSwift.framework/Headers (in target 'Pods-SonarConfigurationSwift' from project 'Pods')
    cd /Users/vitor/Documents/GitHub/SonarConfigurationSwift/Pods
    /bin/mkdir -p /Users/vitor/Library/Developer/Xcode/DerivedData/SonarConfigurationSwift-gmvfubbtayzsseesacyytvzmsxfg/Build/Products/Debug-iphonesimulator/Pods_SonarConfigurationSwift.framework/Headers

WriteAuxiliaryFile /Users/vitor/Library/Developer/Xcode/DerivedData/SonarConfigurationSwift-gmvfubbtayzsseesacyytvzmsxfg/Build/Intermediates.noindex/Pods.build/Debug-iphonesimulator/Pods-SonarConfigurationSwift.build/Pods_SonarConfigurationSwift-own-target-headers.hmap (in target 'Pods-SonarConfigurationSwift' from project 'Pods')
    cd /Users/vitor/Documents/GitHub/SonarConfigurationSwift/Pods
    write-file /Users/vitor/Library/Developer/Xcode/DerivedData/SonarConfigurationSwift-gmvfubbtayzsseesacyytvzmsxfg/Build/Intermediates.noindex/Pods.build/Debug-iphonesimulator/Pods-SonarConfigurationSwift.build/Pods_SonarConfigurationSwift-own-target-headers.hmap

WriteAuxiliaryFile /Users/vitor/Library/Developer/Xcode/DerivedData/SonarConfigurationSwift-gmvfubbtayzsseesacyytvzmsxfg/Build/Intermediates.noindex/Pods.build/Debug-iphonesimulator/Pods-SonarConfigurationSwift.build/Pods_SonarConfigurationSwift-project-headers.hmap (in target 'Pods-SonarConfigurationSwift' from project 'Pods')
    cd /Users/vitor/Documents/GitHub/SonarConfigurationSwift/Pods
    write-file /Users/vitor/Library/Developer/Xcode/DerivedData/SonarConfigurationSwift-gmvfubbtayzsseesacyytvzmsxfg/Build/Intermediates.noindex/Pods.build/Debug-iphonesimulator/Pods-SonarConfigurationSwift.build/Pods_SonarConfigurationSwift-project-headers.hmap

WriteAuxiliaryFile /Users/vitor/Library/Developer/Xcode/DerivedData/SonarConfigurationSwift-gmvfubbtayzsseesacyytvzmsxfg/Build/Intermediates.noindex/Pods.build/Debug-iphonesimulator/Pods-SonarConfigurationSwift.build/all-product-headers.yaml (in target 'Pods-SonarConfigurationSwift' from project 'Pods')
    cd /Users/vitor/Documents/GitHub/SonarConfigurationSwift/Pods
    write-file /Users/vitor/Library/Developer/Xcode/DerivedData/SonarConfigurationSwift-gmvfubbtayzsseesacyytvzmsxfg/Build/Intermediates.noindex/Pods.build/Debug-iphonesimulator/Pods-SonarConfigurationSwift.build/all-product-headers.yaml

WriteAuxiliaryFile /Users/vitor/Library/Developer/Xcode/DerivedData/SonarConfigurationSwift-gmvfubbtayzsseesacyytvzmsxfg/Build/Intermediates.noindex/Pods.build/Debug-iphonesimulator/Pods-SonarConfigurationSwift.build/Pods_SonarConfigurationSwift.hmap (in target 'Pods-SonarConfigurationSwift' from project 'Pods')
    cd /Users/vitor/Documents/GitHub/SonarConfigurationSwift/Pods
    write-file /Users/vitor/Library/Developer/Xcode/DerivedData/SonarConfigurationSwift-gmvfubbtayzsseesacyytvzmsxfg/Build/Intermediates.noindex/Pods.build/Debug-iphonesimulator/Pods-SonarConfigurationSwift.build/Pods_SonarConfigurationSwift.hmap

WriteAuxiliaryFile /Users/vitor/Library/Developer/Xcode/DerivedData/SonarConfigurationSwift-gmvfubbtayzsseesacyytvzmsxfg/Build/Intermediates.noindex/Pods.build/Debug-iphonesimulator/Pods-SonarConfigurationSwift.build/Pods_SonarConfigurationSwift-generated-files.hmap (in target 'Pods-SonarConfigurationSwift' from project 'Pods')
    cd /Users/vitor/Documents/GitHub/SonarConfigurationSwift/Pods
    write-file /Users/vitor/Library/Developer/Xcode/DerivedData/SonarConfigurationSwift-gmvfubbtayzsseesacyytvzmsxfg/Build/Intermediates.noindex/Pods.build/Debug-iphonesimulator/Pods-SonarConfigurationSwift.build/Pods_SonarConfigurationSwift-generated-files.hmap

WriteAuxiliaryFile /Users/vitor/Library/Developer/Xcode/DerivedData/SonarConfigurationSwift-gmvfubbtayzsseesacyytvzmsxfg/Build/Intermediates.noindex/Pods.build/Debug-iphonesimulator/Pods-SonarConfigurationSwift.build/Pods_SonarConfigurationSwift-all-target-headers.hmap (in target 'Pods-SonarConfigurationSwift' from project 'Pods')
    cd /Users/vitor/Documents/GitHub/SonarConfigurationSwift/Pods
    write-file /Users/vitor/Library/Developer/Xcode/DerivedData/SonarConfigurationSwift-gmvfubbtayzsseesacyytvzmsxfg/Build/Intermediates.noindex/Pods.build/Debug-iphonesimulator/Pods-SonarConfigurationSwift.build/Pods_SonarConfigurationSwift-all-target-headers.hmap

WriteAuxiliaryFile /Users/vitor/Library/Developer/Xcode/DerivedData/SonarConfigurationSwift-gmvfubbtayzsseesacyytvzmsxfg/Build/Intermediates.noindex/Pods.build/Debug-iphonesimulator/Pods-SonarConfigurationSwift.build/Pods_SonarConfigurationSwift-all-non-framework-target-headers.hmap (in target 'Pods-SonarConfigurationSwift' from project 'Pods')
    cd /Users/vitor/Documents/GitHub/SonarConfigurationSwift/Pods
    write-file /Users/vitor/Library/Developer/Xcode/DerivedData/SonarConfigurationSwift-gmvfubbtayzsseesacyytvzmsxfg/Build/Intermediates.noindex/Pods.build/Debug-iphonesimulator/Pods-SonarConfigurationSwift.build/Pods_SonarConfigurationSwift-all-non-framework-target-headers.hmap

CpHeader /Users/vitor/Documents/GitHub/SonarConfigurationSwift/Pods/Target\ Support\ Files/Pods-SonarConfigurationSwift/Pods-SonarConfigurationSwift-umbrella.h /Users/vitor/Library/Developer/Xcode/DerivedData/SonarConfigurationSwift-gmvfubbtayzsseesacyytvzmsxfg/Build/Products/Debug-iphonesimulator/Pods_SonarConfigurationSwift.framework/Headers/Pods-SonarConfigurationSwift-umbrella.h (in target 'Pods-SonarConfigurationSwift' from project 'Pods')
    cd /Users/vitor/Documents/GitHub/SonarConfigurationSwift/Pods
    builtin-copy -exclude .DS_Store -exclude CVS -exclude .svn -exclude .git -exclude .hg -resolve-src-symlinks /Users/vitor/Documents/GitHub/SonarConfigurationSwift/Pods/Target\ Support\ Files/Pods-SonarConfigurationSwift/Pods-SonarConfigurationSwift-umbrella.h /Users/vitor/Library/Developer/Xcode/DerivedData/SonarConfigurationSwift-gmvfubbtayzsseesacyytvzmsxfg/Build/Products/Debug-iphonesimulator/Pods_SonarConfigurationSwift.framework/Headers

WriteAuxiliaryFile /Users/vitor/Library/Developer/Xcode/DerivedData/SonarConfigurationSwift-gmvfubbtayzsseesacyytvzmsxfg/Build/Intermediates.noindex/Pods.build/Debug-iphonesimulator/Pods-SonarConfigurationSwift.build/module.modulemap (in target 'Pods-SonarConfigurationSwift' from project 'Pods')
    cd /Users/vitor/Documents/GitHub/SonarConfigurationSwift/Pods
    write-file /Users/vitor/Library/Developer/Xcode/DerivedData/SonarConfigurationSwift-gmvfubbtayzsseesacyytvzmsxfg/Build/Intermediates.noindex/Pods.build/Debug-iphonesimulator/Pods-SonarConfigurationSwift.build/module.modulemap

ProcessInfoPlistFile /Users/vitor/Library/Developer/Xcode/DerivedData/SonarConfigurationSwift-gmvfubbtayzsseesacyytvzmsxfg/Build/Products/Debug-iphonesimulator/Pods_SonarConfigurationSwift.framework/Info.plist /Users/vitor/Documents/GitHub/SonarConfigurationSwift/Pods/Target\ Support\ Files/Pods-SonarConfigurationSwift/Pods-SonarConfigurationSwift-Info.plist (in target 'Pods-SonarConfigurationSwift' from project 'Pods')
    cd /Users/vitor/Documents/GitHub/SonarConfigurationSwift/Pods
    builtin-infoPlistUtility /Users/vitor/Documents/GitHub/SonarConfigurationSwift/Pods/Target\ Support\ Files/Pods-SonarConfigurationSwift/Pods-SonarConfigurationSwift-Info.plist -producttype com.apple.product-type.framework -expandbuildsettings -format binary -platform iphonesimulator -o /Users/vitor/Library/Developer/Xcode/DerivedData/SonarConfigurationSwift-gmvfubbtayzsseesacyytvzmsxfg/Build/Products/Debug-iphonesimulator/Pods_SonarConfigurationSwift.framework/Info.plist

Ditto /Users/vitor/Library/Developer/Xcode/DerivedData/SonarConfigurationSwift-gmvfubbtayzsseesacyytvzmsxfg/Build/Intermediates.noindex/Pods.build/Debug-iphonesimulator/Pods-SonarConfigurationSwift.build/module.modulemap /Users/vitor/Library/Developer/Xcode/DerivedData/SonarConfigurationSwift-gmvfubbtayzsseesacyytvzmsxfg/Build/Products/Debug-iphonesimulator/Pods_SonarConfigurationSwift.framework/Modules/module.modulemap (in target 'Pods-SonarConfigurationSwift' from project 'Pods')
    cd /Users/vitor/Documents/GitHub/SonarConfigurationSwift/Pods
    builtin-copy -exclude .DS_Store -exclude CVS -exclude .svn -exclude .git -exclude .hg -resolve-src-symlinks /Users/vitor/Library/Developer/Xcode/DerivedData/SonarConfigurationSwift-gmvfubbtayzsseesacyytvzmsxfg/Build/Intermediates.noindex/Pods.build/Debug-iphonesimulator/Pods-SonarConfigurationSwift.build/module.modulemap /Users/vitor/Library/Developer/Xcode/DerivedData/SonarConfigurationSwift-gmvfubbtayzsseesacyytvzmsxfg/Build/Products/Debug-iphonesimulator/Pods_SonarConfigurationSwift.framework/Modules

WriteAuxiliaryFile /Users/vitor/Library/Developer/Xcode/DerivedData/SonarConfigurationSwift-gmvfubbtayzsseesacyytvzmsxfg/Build/Intermediates.noindex/Pods.build/Debug-iphonesimulator/Pods-SonarConfigurationSwift.build/DerivedSources/Pods_SonarConfigurationSwift_vers.c (in target 'Pods-SonarConfigurationSwift' from project 'Pods')
    cd /Users/vitor/Documents/GitHub/SonarConfigurationSwift/Pods
    write-file /Users/vitor/Library/Developer/Xcode/DerivedData/SonarConfigurationSwift-gmvfubbtayzsseesacyytvzmsxfg/Build/Intermediates.noindex/Pods.build/Debug-iphonesimulator/Pods-SonarConfigurationSwift.build/DerivedSources/Pods_SonarConfigurationSwift_vers.c

WriteAuxiliaryFile /Users/vitor/Library/Developer/Xcode/DerivedData/SonarConfigurationSwift-gmvfubbtayzsseesacyytvzmsxfg/Build/Intermediates.noindex/Pods.build/Debug-iphonesimulator/Pods-SonarConfigurationSwift.build/Objects-normal/x86_64/Pods_SonarConfigurationSwift.LinkFileList (in target 'Pods-SonarConfigurationSwift' from project 'Pods')
    cd /Users/vitor/Documents/GitHub/SonarConfigurationSwift/Pods
    write-file /Users/vitor/Library/Developer/Xcode/DerivedData/SonarConfigurationSwift-gmvfubbtayzsseesacyytvzmsxfg/Build/Intermediates.noindex/Pods.build/Debug-iphonesimulator/Pods-SonarConfigurationSwift.build/Objects-normal/x86_64/Pods_SonarConfigurationSwift.LinkFileList

CompileC /Users/vitor/Library/Developer/Xcode/DerivedData/SonarConfigurationSwift-gmvfubbtayzsseesacyytvzmsxfg/Build/Intermediates.noindex/Pods.build/Debug-iphonesimulator/Pods-SonarConfigurationSwift.build/Objects-normal/x86_64/Pods-SonarConfigurationSwift-dummy.o /Users/vitor/Documents/GitHub/SonarConfigurationSwift/Pods/Target\ Support\ Files/Pods-SonarConfigurationSwift/Pods-SonarConfigurationSwift-dummy.m normal x86_64 objective-c com.apple.compilers.llvm.clang.1_0.compiler (in target 'Pods-SonarConfigurationSwift' from project 'Pods')
    cd /Users/vitor/Documents/GitHub/SonarConfigurationSwift/Pods
    export LANG=en_US.US-ASCII
    /Applications/Xcode.app/Contents/Developer/Toolchains/XcodeDefault.xctoolchain/usr/bin/clang -x objective-c -target x86_64-apple-ios13.0-simulator -fmessage-length=0 -fdiagnostics-show-note-include-stack -fmacro-backtrace-limit=0 -std=gnu11 -fobjc-arc -fmodules -gmodules -fmodules-cache-path=/Users/vitor/Library/Developer/Xcode/DerivedData/ModuleCache.noindex -fmodules-prune-interval=86400 -fmodules-prune-after=345600 -fbuild-session-file=/Users/vitor/Library/Developer/Xcode/DerivedData/ModuleCache.noindex/Session.modulevalidation -fmodules-validate-once-per-build-session -Wnon-modular-include-in-framework-module -Werror=non-modular-include-in-framework-module -fmodule-name=Pods_SonarConfigurationSwift -Wno-trigraphs -fpascal-strings -O0 -fno-common -Wno-missing-field-initializers -Wno-missing-prototypes -Werror=return-type -Wdocumentation -Wunreachable-code -Wno-implicit-atomic-properties -Werror=deprecated-objc-isa-usage -Wno-objc-interface-ivars -Werror=objc-root-class -Wno-arc-repeated-use-of-weak -Wimplicit-retain-self -Wduplicate-method-match -Wno-missing-braces -Wparentheses -Wswitch -Wunused-function -Wno-unused-label -Wno-unused-parameter -Wunused-variable -Wunused-value -Wempty-body -Wuninitialized -Wconditional-uninitialized -Wno-unknown-pragmas -Wno-shadow -Wno-four-char-constants -Wno-conversion -Wconstant-conversion -Wint-conversion -Wbool-conversion -Wenum-conversion -Wno-float-conversion -Wnon-literal-null-conversion -Wobjc-literal-conversion -Wshorten-64-to-32 -Wpointer-sign -Wno-newline-eof -Wno-selector -Wno-strict-selector-match -Wundeclared-selector -Wdeprecated-implementations -DPOD_CONFIGURATION_DEBUG=1 -DDEBUG=1 -DCOCOAPODS=1 -DOBJC_OLD_DISPATCH_PROTOTYPES=0 -isysroot /Applications/Xcode.app/Contents/Developer/Platforms/iPhoneSimulator.platform/Developer/SDKs/iPhoneSimulator13.0.sdk -fasm-blocks -fstrict-aliasing -Wprotocol -Wdeprecated-declarations -g -Wno-sign-conversion -Winfinite-recursion -Wcomma -Wblock-capture-autoreleasing -Wstrict-prototypes -Wno-semicolon-before-method-body -Wunguarded-availability -fobjc-abi-version=2 -fobjc-legacy-dispatch -fprofile-instr-generate -fcoverage-mapping -iquote /Users/vitor/Library/Developer/Xcode/DerivedData/SonarConfigurationSwift-gmvfubbtayzsseesacyytvzmsxfg/Build/Intermediates.noindex/Pods.build/Debug-iphonesimulator/Pods-SonarConfigurationSwift.build/Pods_SonarConfigurationSwift-generated-files.hmap -I/Users/vitor/Library/Developer/Xcode/DerivedData/SonarConfigurationSwift-gmvfubbtayzsseesacyytvzmsxfg/Build/Intermediates.noindex/Pods.build/Debug-iphonesimulator/Pods-SonarConfigurationSwift.build/Pods_SonarConfigurationSwift-own-target-headers.hmap -I/Users/vitor/Library/Developer/Xcode/DerivedData/SonarConfigurationSwift-gmvfubbtayzsseesacyytvzmsxfg/Build/Intermediates.noindex/Pods.build/Debug-iphonesimulator/Pods-SonarConfigurationSwift.build/Pods_SonarConfigurationSwift-all-non-framework-target-headers.hmap -ivfsoverlay /Users/vitor/Library/Developer/Xcode/DerivedData/SonarConfigurationSwift-gmvfubbtayzsseesacyytvzmsxfg/Build/Intermediates.noindex/Pods.build/Debug-iphonesimulator/Pods-SonarConfigurationSwift.build/all-product-headers.yaml -iquote /Users/vitor/Library/Developer/Xcode/DerivedData/SonarConfigurationSwift-gmvfubbtayzsseesacyytvzmsxfg/Build/Intermediates.noindex/Pods.build/Debug-iphonesimulator/Pods-SonarConfigurationSwift.build/Pods_SonarConfigurationSwift-project-headers.hmap -I/Users/vitor/Library/Developer/Xcode/DerivedData/SonarConfigurationSwift-gmvfubbtayzsseesacyytvzmsxfg/Build/Products/Debug-iphonesimulator/include -I/Users/vitor/Library/Developer/Xcode/DerivedData/SonarConfigurationSwift-gmvfubbtayzsseesacyytvzmsxfg/Build/Intermediates.noindex/Pods.build/Debug-iphonesimulator/Pods-SonarConfigurationSwift.build/DerivedSources-normal/x86_64 -I/Users/vitor/Library/Developer/Xcode/DerivedData/SonarConfigurationSwift-gmvfubbtayzsseesacyytvzmsxfg/Build/Intermediates.noindex/Pods.build/Debug-iphonesimulator/Pods-SonarConfigurationSwift.build/DerivedSources/x86_64 -I/Users/vitor/Library/Developer/Xcode/DerivedData/SonarConfigurationSwift-gmvfubbtayzsseesacyytvzmsxfg/Build/Intermediates.noindex/Pods.build/Debug-iphonesimulator/Pods-SonarConfigurationSwift.build/DerivedSources -F/Users/vitor/Library/Developer/Xcode/DerivedData/SonarConfigurationSwift-gmvfubbtayzsseesacyytvzmsxfg/Build/Products/Debug-iphonesimulator -MMD -MT dependencies -MF /Users/vitor/Library/Developer/Xcode/DerivedData/SonarConfigurationSwift-gmvfubbtayzsseesacyytvzmsxfg/Build/Intermediates.noindex/Pods.build/Debug-iphonesimulator/Pods-SonarConfigurationSwift.build/Objects-normal/x86_64/Pods-SonarConfigurationSwift-dummy.d --serialize-diagnostics /Users/vitor/Library/Developer/Xcode/DerivedData/SonarConfigurationSwift-gmvfubbtayzsseesacyytvzmsxfg/Build/Intermediates.noindex/Pods.build/Debug-iphonesimulator/Pods-SonarConfigurationSwift.build/Objects-normal/x86_64/Pods-SonarConfigurationSwift-dummy.dia -c /Users/vitor/Documents/GitHub/SonarConfigurationSwift/Pods/Target\ Support\ Files/Pods-SonarConfigurationSwift/Pods-SonarConfigurationSwift-dummy.m -o /Users/vitor/Library/Developer/Xcode/DerivedData/SonarConfigurationSwift-gmvfubbtayzsseesacyytvzmsxfg/Build/Intermediates.noindex/Pods.build/Debug-iphonesimulator/Pods-SonarConfigurationSwift.build/Objects-normal/x86_64/Pods-SonarConfigurationSwift-dummy.o

CompileC /Users/vitor/Library/Developer/Xcode/DerivedData/SonarConfigurationSwift-gmvfubbtayzsseesacyytvzmsxfg/Build/Intermediates.noindex/Pods.build/Debug-iphonesimulator/Pods-SonarConfigurationSwift.build/Objects-normal/x86_64/Pods_SonarConfigurationSwift_vers.o /Users/vitor/Library/Developer/Xcode/DerivedData/SonarConfigurationSwift-gmvfubbtayzsseesacyytvzmsxfg/Build/Intermediates.noindex/Pods.build/Debug-iphonesimulator/Pods-SonarConfigurationSwift.build/DerivedSources/Pods_SonarConfigurationSwift_vers.c normal x86_64 c com.apple.compilers.llvm.clang.1_0.compiler (in target 'Pods-SonarConfigurationSwift' from project 'Pods')
    cd /Users/vitor/Documents/GitHub/SonarConfigurationSwift/Pods
    export LANG=en_US.US-ASCII
    /Applications/Xcode.app/Contents/Developer/Toolchains/XcodeDefault.xctoolchain/usr/bin/clang -x c -target x86_64-apple-ios13.0-simulator -fmessage-length=0 -fdiagnostics-show-note-include-stack -fmacro-backtrace-limit=0 -std=gnu11 -fmodules -gmodules -fmodules-cache-path=/Users/vitor/Library/Developer/Xcode/DerivedData/ModuleCache.noindex -fmodules-prune-interval=86400 -fmodules-prune-after=345600 -fbuild-session-file=/Users/vitor/Library/Developer/Xcode/DerivedData/ModuleCache.noindex/Session.modulevalidation -fmodules-validate-once-per-build-session -Wnon-modular-include-in-framework-module -Werror=non-modular-include-in-framework-module -fmodule-name=Pods_SonarConfigurationSwift -Wno-trigraphs -fpascal-strings -O0 -fno-common -Wno-missing-field-initializers -Wno-missing-prototypes -Werror=return-type -Wdocumentation -Wunreachable-code -Werror=deprecated-objc-isa-usage -Werror=objc-root-class -Wno-missing-braces -Wparentheses -Wswitch -Wunused-function -Wno-unused-label -Wno-unused-parameter -Wunused-variable -Wunused-value -Wempty-body -Wuninitialized -Wconditional-uninitialized -Wno-unknown-pragmas -Wno-shadow -Wno-four-char-constants -Wno-conversion -Wconstant-conversion -Wint-conversion -Wbool-conversion -Wenum-conversion -Wno-float-conversion -Wnon-literal-null-conversion -Wobjc-literal-conversion -Wshorten-64-to-32 -Wpointer-sign -Wno-newline-eof -DPOD_CONFIGURATION_DEBUG=1 -DDEBUG=1 -DCOCOAPODS=1 -isysroot /Applications/Xcode.app/Contents/Developer/Platforms/iPhoneSimulator.platform/Developer/SDKs/iPhoneSimulator13.0.sdk -fasm-blocks -fstrict-aliasing -Wdeprecated-declarations -g -Wno-sign-conversion -Winfinite-recursion -Wcomma -Wblock-capture-autoreleasing -Wstrict-prototypes -Wno-semicolon-before-method-body -Wunguarded-availability -fprofile-instr-generate -fcoverage-mapping -iquote /Users/vitor/Library/Developer/Xcode/DerivedData/SonarConfigurationSwift-gmvfubbtayzsseesacyytvzmsxfg/Build/Intermediates.noindex/Pods.build/Debug-iphonesimulator/Pods-SonarConfigurationSwift.build/Pods_SonarConfigurationSwift-generated-files.hmap -I/Users/vitor/Library/Developer/Xcode/DerivedData/SonarConfigurationSwift-gmvfubbtayzsseesacyytvzmsxfg/Build/Intermediates.noindex/Pods.build/Debug-iphonesimulator/Pods-SonarConfigurationSwift.build/Pods_SonarConfigurationSwift-own-target-headers.hmap -I/Users/vitor/Library/Developer/Xcode/DerivedData/SonarConfigurationSwift-gmvfubbtayzsseesacyytvzmsxfg/Build/Intermediates.noindex/Pods.build/Debug-iphonesimulator/Pods-SonarConfigurationSwift.build/Pods_SonarConfigurationSwift-all-non-framework-target-headers.hmap -ivfsoverlay /Users/vitor/Library/Developer/Xcode/DerivedData/SonarConfigurationSwift-gmvfubbtayzsseesacyytvzmsxfg/Build/Intermediates.noindex/Pods.build/Debug-iphonesimulator/Pods-SonarConfigurationSwift.build/all-product-headers.yaml -iquote /Users/vitor/Library/Developer/Xcode/DerivedData/SonarConfigurationSwift-gmvfubbtayzsseesacyytvzmsxfg/Build/Intermediates.noindex/Pods.build/Debug-iphonesimulator/Pods-SonarConfigurationSwift.build/Pods_SonarConfigurationSwift-project-headers.hmap -I/Users/vitor/Library/Developer/Xcode/DerivedData/SonarConfigurationSwift-gmvfubbtayzsseesacyytvzmsxfg/Build/Products/Debug-iphonesimulator/include -I/Users/vitor/Library/Developer/Xcode/DerivedData/SonarConfigurationSwift-gmvfubbtayzsseesacyytvzmsxfg/Build/Intermediates.noindex/Pods.build/Debug-iphonesimulator/Pods-SonarConfigurationSwift.build/DerivedSources-normal/x86_64 -I/Users/vitor/Library/Developer/Xcode/DerivedData/SonarConfigurationSwift-gmvfubbtayzsseesacyytvzmsxfg/Build/Intermediates.noindex/Pods.build/Debug-iphonesimulator/Pods-SonarConfigurationSwift.build/DerivedSources/x86_64 -I/Users/vitor/Library/Developer/Xcode/DerivedData/SonarConfigurationSwift-gmvfubbtayzsseesacyytvzmsxfg/Build/Intermediates.noindex/Pods.build/Debug-iphonesimulator/Pods-SonarConfigurationSwift.build/DerivedSources -F/Users/vitor/Library/Developer/Xcode/DerivedData/SonarConfigurationSwift-gmvfubbtayzsseesacyytvzmsxfg/Build/Products/Debug-iphonesimulator -MMD -MT dependencies -MF /Users/vitor/Library/Developer/Xcode/DerivedData/SonarConfigurationSwift-gmvfubbtayzsseesacyytvzmsxfg/Build/Intermediates.noindex/Pods.build/Debug-iphonesimulator/Pods-SonarConfigurationSwift.build/Objects-normal/x86_64/Pods_SonarConfigurationSwift_vers.d --serialize-diagnostics /Users/vitor/Library/Developer/Xcode/DerivedData/SonarConfigurationSwift-gmvfubbtayzsseesacyytvzmsxfg/Build/Intermediates.noindex/Pods.build/Debug-iphonesimulator/Pods-SonarConfigurationSwift.build/Objects-normal/x86_64/Pods_SonarConfigurationSwift_vers.dia -c /Users/vitor/Library/Developer/Xcode/DerivedData/SonarConfigurationSwift-gmvfubbtayzsseesacyytvzmsxfg/Build/Intermediates.noindex/Pods.build/Debug-iphonesimulator/Pods-SonarConfigurationSwift.build/DerivedSources/Pods_SonarConfigurationSwift_vers.c -o /Users/vitor/Library/Developer/Xcode/DerivedData/SonarConfigurationSwift-gmvfubbtayzsseesacyytvzmsxfg/Build/Intermediates.noindex/Pods.build/Debug-iphonesimulator/Pods-SonarConfigurationSwift.build/Objects-normal/x86_64/Pods_SonarConfigurationSwift_vers.o

Libtool /Users/vitor/Library/Developer/Xcode/DerivedData/SonarConfigurationSwift-gmvfubbtayzsseesacyytvzmsxfg/Build/Products/Debug-iphonesimulator/Pods_SonarConfigurationSwift.framework/Pods_SonarConfigurationSwift normal x86_64 (in target 'Pods-SonarConfigurationSwift' from project 'Pods')
    cd /Users/vitor/Documents/GitHub/SonarConfigurationSwift/Pods
    export IPHONEOS_DEPLOYMENT_TARGET=13.0
    /Applications/Xcode.app/Contents/Developer/Toolchains/XcodeDefault.xctoolchain/usr/bin/libtool -static -arch_only x86_64 -D -syslibroot /Applications/Xcode.app/Contents/Developer/Platforms/iPhoneSimulator.platform/Developer/SDKs/iPhoneSimulator13.0.sdk -L/Users/vitor/Library/Developer/Xcode/DerivedData/SonarConfigurationSwift-gmvfubbtayzsseesacyytvzmsxfg/Build/Products/Debug-iphonesimulator -filelist /Users/vitor/Library/Developer/Xcode/DerivedData/SonarConfigurationSwift-gmvfubbtayzsseesacyytvzmsxfg/Build/Intermediates.noindex/Pods.build/Debug-iphonesimulator/Pods-SonarConfigurationSwift.build/Objects-normal/x86_64/Pods_SonarConfigurationSwift.LinkFileList -framework Foundation -o /Users/vitor/Library/Developer/Xcode/DerivedData/SonarConfigurationSwift-gmvfubbtayzsseesacyytvzmsxfg/Build/Products/Debug-iphonesimulator/Pods_SonarConfigurationSwift.framework/Pods_SonarConfigurationSwift

WriteAuxiliaryFile /Users/vitor/Library/Developer/Xcode/DerivedData/SonarConfigurationSwift-gmvfubbtayzsseesacyytvzmsxfg/Build/Intermediates.noindex/SonarConfigurationSwift.build/Debug-iphonesimulator/SonarConfigurationSwift.build/DerivedSources/Entitlements.plist (in target 'SonarConfigurationSwift' from project 'SonarConfigurationSwift')
    cd /Users/vitor/Documents/GitHub/SonarConfigurationSwift
    write-file /Users/vitor/Library/Developer/Xcode/DerivedData/SonarConfigurationSwift-gmvfubbtayzsseesacyytvzmsxfg/Build/Intermediates.noindex/SonarConfigurationSwift.build/Debug-iphonesimulator/SonarConfigurationSwift.build/DerivedSources/Entitlements.plist

WriteAuxiliaryFile /Users/vitor/Library/Developer/Xcode/DerivedData/SonarConfigurationSwift-gmvfubbtayzsseesacyytvzmsxfg/Build/Intermediates.noindex/SonarConfigurationSwift.build/Debug-iphonesimulator/SonarConfigurationSwift.build/DerivedSources/Entitlements-Simulated.plist (in target 'SonarConfigurationSwift' from project 'SonarConfigurationSwift')
    cd /Users/vitor/Documents/GitHub/SonarConfigurationSwift
    write-file /Users/vitor/Library/Developer/Xcode/DerivedData/SonarConfigurationSwift-gmvfubbtayzsseesacyytvzmsxfg/Build/Intermediates.noindex/SonarConfigurationSwift.build/Debug-iphonesimulator/SonarConfigurationSwift.build/DerivedSources/Entitlements-Simulated.plist

ProcessProductPackaging "" /Users/vitor/Library/Developer/Xcode/DerivedData/SonarConfigurationSwift-gmvfubbtayzsseesacyytvzmsxfg/Build/Intermediates.noindex/SonarConfigurationSwift.build/Debug-iphonesimulator/SonarConfigurationSwift.build/SonarConfigurationSwift.app.xcent (in target 'SonarConfigurationSwift' from project 'SonarConfigurationSwift')
    cd /Users/vitor/Documents/GitHub/SonarConfigurationSwift
    

Entitlements:

{
    "com.apple.security.get-task-allow" = 1;
}


    builtin-productPackagingUtility -entitlements -format xml -o /Users/vitor/Library/Developer/Xcode/DerivedData/SonarConfigurationSwift-gmvfubbtayzsseesacyytvzmsxfg/Build/Intermediates.noindex/SonarConfigurationSwift.build/Debug-iphonesimulator/SonarConfigurationSwift.build/SonarConfigurationSwift.app.xcent

ProcessProductPackaging "" /Users/vitor/Library/Developer/Xcode/DerivedData/SonarConfigurationSwift-gmvfubbtayzsseesacyytvzmsxfg/Build/Intermediates.noindex/SonarConfigurationSwift.build/Debug-iphonesimulator/SonarConfigurationSwift.build/SonarConfigurationSwift.app-Simulated.xcent (in target 'SonarConfigurationSwift' from project 'SonarConfigurationSwift')
    cd /Users/vitor/Documents/GitHub/SonarConfigurationSwift
    

Entitlements:

{
    "application-identifier" = "CF9NF5L47X.vitormendes.SonarConfigurationSwift";
    "keychain-access-groups" =     (
        "CF9NF5L47X.vitormendes.SonarConfigurationSwift"
    );
}


    builtin-productPackagingUtility -entitlements -format xml -o /Users/vitor/Library/Developer/Xcode/DerivedData/SonarConfigurationSwift-gmvfubbtayzsseesacyytvzmsxfg/Build/Intermediates.noindex/SonarConfigurationSwift.build/Debug-iphonesimulator/SonarConfigurationSwift.build/SonarConfigurationSwift.app-Simulated.xcent

CodeSign /Users/vitor/Library/Developer/Xcode/DerivedData/SonarConfigurationSwift-gmvfubbtayzsseesacyytvzmsxfg/Build/Products/Debug-iphonesimulator/Pods_SonarConfigurationSwift.framework (in target 'Pods-SonarConfigurationSwift' from project 'Pods')
    cd /Users/vitor/Documents/GitHub/SonarConfigurationSwift/Pods
    export CODESIGN_ALLOCATE=/Applications/Xcode.app/Contents/Developer/Toolchains/XcodeDefault.xctoolchain/usr/bin/codesign_allocate
    
Signing Identity:     "-"

    /usr/bin/codesign --force --sign - --timestamp=none /Users/vitor/Library/Developer/Xcode/DerivedData/SonarConfigurationSwift-gmvfubbtayzsseesacyytvzmsxfg/Build/Products/Debug-iphonesimulator/Pods_SonarConfigurationSwift.framework

WriteAuxiliaryFile /Users/vitor/Library/Developer/Xcode/DerivedData/SonarConfigurationSwift-gmvfubbtayzsseesacyytvzmsxfg/Build/Intermediates.noindex/SonarConfigurationSwift.build/Debug-iphonesimulator/SonarConfigurationSwift.build/all-product-headers.yaml (in target 'SonarConfigurationSwift' from project 'SonarConfigurationSwift')
    cd /Users/vitor/Documents/GitHub/SonarConfigurationSwift
    write-file /Users/vitor/Library/Developer/Xcode/DerivedData/SonarConfigurationSwift-gmvfubbtayzsseesacyytvzmsxfg/Build/Intermediates.noindex/SonarConfigurationSwift.build/Debug-iphonesimulator/SonarConfigurationSwift.build/all-product-headers.yaml

WriteAuxiliaryFile /Users/vitor/Library/Developer/Xcode/DerivedData/SonarConfigurationSwift-gmvfubbtayzsseesacyytvzmsxfg/Build/Intermediates.noindex/SonarConfigurationSwift.build/Debug-iphonesimulator/SonarConfigurationSwift.build/SonarConfigurationSwift.hmap (in target 'SonarConfigurationSwift' from project 'SonarConfigurationSwift')
    cd /Users/vitor/Documents/GitHub/SonarConfigurationSwift
    write-file /Users/vitor/Library/Developer/Xcode/DerivedData/SonarConfigurationSwift-gmvfubbtayzsseesacyytvzmsxfg/Build/Intermediates.noindex/SonarConfigurationSwift.build/Debug-iphonesimulator/SonarConfigurationSwift.build/SonarConfigurationSwift.hmap

WriteAuxiliaryFile /Users/vitor/Library/Developer/Xcode/DerivedData/SonarConfigurationSwift-gmvfubbtayzsseesacyytvzmsxfg/Build/Intermediates.noindex/SonarConfigurationSwift.build/Debug-iphonesimulator/SonarConfigurationSwift.build/SonarConfigurationSwift-project-headers.hmap (in target 'SonarConfigurationSwift' from project 'SonarConfigurationSwift')
    cd /Users/vitor/Documents/GitHub/SonarConfigurationSwift
    write-file /Users/vitor/Library/Developer/Xcode/DerivedData/SonarConfigurationSwift-gmvfubbtayzsseesacyytvzmsxfg/Build/Intermediates.noindex/SonarConfigurationSwift.build/Debug-iphonesimulator/SonarConfigurationSwift.build/SonarConfigurationSwift-project-headers.hmap

WriteAuxiliaryFile /Users/vitor/Library/Developer/Xcode/DerivedData/SonarConfigurationSwift-gmvfubbtayzsseesacyytvzmsxfg/Build/Intermediates.noindex/SonarConfigurationSwift.build/Debug-iphonesimulator/SonarConfigurationSwift.build/SonarConfigurationSwift-own-target-headers.hmap (in target 'SonarConfigurationSwift' from project 'SonarConfigurationSwift')
    cd /Users/vitor/Documents/GitHub/SonarConfigurationSwift
    write-file /Users/vitor/Library/Developer/Xcode/DerivedData/SonarConfigurationSwift-gmvfubbtayzsseesacyytvzmsxfg/Build/Intermediates.noindex/SonarConfigurationSwift.build/Debug-iphonesimulator/SonarConfigurationSwift.build/SonarConfigurationSwift-own-target-headers.hmap

WriteAuxiliaryFile /Users/vitor/Library/Developer/Xcode/DerivedData/SonarConfigurationSwift-gmvfubbtayzsseesacyytvzmsxfg/Build/Intermediates.noindex/SonarConfigurationSwift.build/Debug-iphonesimulator/SonarConfigurationSwift.build/SonarConfigurationSwift-generated-files.hmap (in target 'SonarConfigurationSwift' from project 'SonarConfigurationSwift')
    cd /Users/vitor/Documents/GitHub/SonarConfigurationSwift
    write-file /Users/vitor/Library/Developer/Xcode/DerivedData/SonarConfigurationSwift-gmvfubbtayzsseesacyytvzmsxfg/Build/Intermediates.noindex/SonarConfigurationSwift.build/Debug-iphonesimulator/SonarConfigurationSwift.build/SonarConfigurationSwift-generated-files.hmap

WriteAuxiliaryFile /Users/vitor/Library/Developer/Xcode/DerivedData/SonarConfigurationSwift-gmvfubbtayzsseesacyytvzmsxfg/Build/Intermediates.noindex/SonarConfigurationSwift.build/Debug-iphonesimulator/SonarConfigurationSwift.build/SonarConfigurationSwift-all-target-headers.hmap (in target 'SonarConfigurationSwift' from project 'SonarConfigurationSwift')
    cd /Users/vitor/Documents/GitHub/SonarConfigurationSwift
    write-file /Users/vitor/Library/Developer/Xcode/DerivedData/SonarConfigurationSwift-gmvfubbtayzsseesacyytvzmsxfg/Build/Intermediates.noindex/SonarConfigurationSwift.build/Debug-iphonesimulator/SonarConfigurationSwift.build/SonarConfigurationSwift-all-target-headers.hmap

WriteAuxiliaryFile /Users/vitor/Library/Developer/Xcode/DerivedData/SonarConfigurationSwift-gmvfubbtayzsseesacyytvzmsxfg/Build/Intermediates.noindex/SonarConfigurationSwift.build/Debug-iphonesimulator/SonarConfigurationSwift.build/SonarConfigurationSwift-all-non-framework-target-headers.hmap (in target 'SonarConfigurationSwift' from project 'SonarConfigurationSwift')
    cd /Users/vitor/Documents/GitHub/SonarConfigurationSwift
    write-file /Users/vitor/Library/Developer/Xcode/DerivedData/SonarConfigurationSwift-gmvfubbtayzsseesacyytvzmsxfg/Build/Intermediates.noindex/SonarConfigurationSwift.build/Debug-iphonesimulator/SonarConfigurationSwift.build/SonarConfigurationSwift-all-non-framework-target-headers.hmap

Touch /Users/vitor/Library/Developer/Xcode/DerivedData/SonarConfigurationSwift-gmvfubbtayzsseesacyytvzmsxfg/Build/Products/Debug-iphonesimulator/Pods_SonarConfigurationSwift.framework (in target 'Pods-SonarConfigurationSwift' from project 'Pods')
    cd /Users/vitor/Documents/GitHub/SonarConfigurationSwift/Pods
    /usr/bin/touch -c /Users/vitor/Library/Developer/Xcode/DerivedData/SonarConfigurationSwift-gmvfubbtayzsseesacyytvzmsxfg/Build/Products/Debug-iphonesimulator/Pods_SonarConfigurationSwift.framework

WriteAuxiliaryFile /Users/vitor/Library/Developer/Xcode/DerivedData/SonarConfigurationSwift-gmvfubbtayzsseesacyytvzmsxfg/Build/Intermediates.noindex/SonarConfigurationSwift.build/Debug-iphonesimulator/SonarConfigurationSwift.build/Script-8B40FF4C52E404FAB6B3896C.sh (in target 'SonarConfigurationSwift' from project 'SonarConfigurationSwift')
    cd /Users/vitor/Documents/GitHub/SonarConfigurationSwift
    write-file /Users/vitor/Library/Developer/Xcode/DerivedData/SonarConfigurationSwift-gmvfubbtayzsseesacyytvzmsxfg/Build/Intermediates.noindex/SonarConfigurationSwift.build/Debug-iphonesimulator/SonarConfigurationSwift.build/Script-8B40FF4C52E404FAB6B3896C.sh

PhaseScriptExecution [CP]\ Check\ Pods\ Manifest.lock /Users/vitor/Library/Developer/Xcode/DerivedData/SonarConfigurationSwift-gmvfubbtayzsseesacyytvzmsxfg/Build/Intermediates.noindex/SonarConfigurationSwift.build/Debug-iphonesimulator/SonarConfigurationSwift.build/Script-8B40FF4C52E404FAB6B3896C.sh (in target 'SonarConfigurationSwift' from project 'SonarConfigurationSwift')
    cd /Users/vitor/Documents/GitHub/SonarConfigurationSwift
    /bin/sh -c /Users/vitor/Library/Developer/Xcode/DerivedData/SonarConfigurationSwift-gmvfubbtayzsseesacyytvzmsxfg/Build/Intermediates.noindex/SonarConfigurationSwift.build/Debug-iphonesimulator/SonarConfigurationSwift.build/Script-8B40FF4C52E404FAB6B3896C.sh

DataModelCompile /Users/vitor/Library/Developer/Xcode/DerivedData/SonarConfigurationSwift-gmvfubbtayzsseesacyytvzmsxfg/Build/Products/Debug-iphonesimulator/SonarConfigurationSwift.app/ /Users/vitor/Documents/GitHub/SonarConfigurationSwift/SonarConfigurationSwift/SonarConfigurationSwift.xcdatamodeld (in target 'SonarConfigurationSwift' from project 'SonarConfigurationSwift')
    cd /Users/vitor/Documents/GitHub/SonarConfigurationSwift
    /Applications/Xcode.app/Contents/Developer/usr/bin/momc --sdkroot /Applications/Xcode.app/Contents/Developer/Platforms/iPhoneSimulator.platform/Developer/SDKs/iPhoneSimulator13.0.sdk --iphonesimulator-deployment-target 13.0 --module SonarConfigurationSwift /Users/vitor/Documents/GitHub/SonarConfigurationSwift/SonarConfigurationSwift/SonarConfigurationSwift.xcdatamodeld /Users/vitor/Library/Developer/Xcode/DerivedData/SonarConfigurationSwift-gmvfubbtayzsseesacyytvzmsxfg/Build/Products/Debug-iphonesimulator/SonarConfigurationSwift.app/

WriteAuxiliaryFile /Users/vitor/Library/Developer/Xcode/DerivedData/SonarConfigurationSwift-gmvfubbtayzsseesacyytvzmsxfg/Build/Intermediates.noindex/SonarConfigurationSwift.build/Debug-iphonesimulator/SonarConfigurationSwift.build/Objects-normal/x86_64/SonarConfigurationSwift.LinkFileList (in target 'SonarConfigurationSwift' from project 'SonarConfigurationSwift')
    cd /Users/vitor/Documents/GitHub/SonarConfigurationSwift
    write-file /Users/vitor/Library/Developer/Xcode/DerivedData/SonarConfigurationSwift-gmvfubbtayzsseesacyytvzmsxfg/Build/Intermediates.noindex/SonarConfigurationSwift.build/Debug-iphonesimulator/SonarConfigurationSwift.build/Objects-normal/x86_64/SonarConfigurationSwift.LinkFileList

WriteAuxiliaryFile /Users/vitor/Library/Developer/Xcode/DerivedData/SonarConfigurationSwift-gmvfubbtayzsseesacyytvzmsxfg/Build/Intermediates.noindex/SonarConfigurationSwift.build/Debug-iphonesimulator/SonarConfigurationSwift.build/Objects-normal/x86_64/SonarConfigurationSwift.SwiftFileList (in target 'SonarConfigurationSwift' from project 'SonarConfigurationSwift')
    cd /Users/vitor/Documents/GitHub/SonarConfigurationSwift
    write-file /Users/vitor/Library/Developer/Xcode/DerivedData/SonarConfigurationSwift-gmvfubbtayzsseesacyytvzmsxfg/Build/Intermediates.noindex/SonarConfigurationSwift.build/Debug-iphonesimulator/SonarConfigurationSwift.build/Objects-normal/x86_64/SonarConfigurationSwift.SwiftFileList

WriteAuxiliaryFile /Users/vitor/Library/Developer/Xcode/DerivedData/SonarConfigurationSwift-gmvfubbtayzsseesacyytvzmsxfg/Build/Intermediates.noindex/SonarConfigurationSwift.build/Debug-iphonesimulator/SonarConfigurationSwift.build/Objects-normal/x86_64/SonarConfigurationSwift-OutputFileMap.json (in target 'SonarConfigurationSwift' from project 'SonarConfigurationSwift')
    cd /Users/vitor/Documents/GitHub/SonarConfigurationSwift
    write-file /Users/vitor/Library/Developer/Xcode/DerivedData/SonarConfigurationSwift-gmvfubbtayzsseesacyytvzmsxfg/Build/Intermediates.noindex/SonarConfigurationSwift.build/Debug-iphonesimulator/SonarConfigurationSwift.build/Objects-normal/x86_64/SonarConfigurationSwift-OutputFileMap.json

CompileSwiftSources normal x86_64 com.apple.xcode.tools.swift.compiler (in target 'SonarConfigurationSwift' from project 'SonarConfigurationSwift')
    cd /Users/vitor/Documents/GitHub/SonarConfigurationSwift
    export DEVELOPER_DIR=/Applications/Xcode.app/Contents/Developer
    export SDKROOT=/Applications/Xcode.app/Contents/Developer/Platforms/iPhoneSimulator.platform/Developer/SDKs/iPhoneSimulator13.0.sdk
    /Applications/Xcode.app/Contents/Developer/Toolchains/XcodeDefault.xctoolchain/usr/bin/swiftc -incremental -module-name SonarConfigurationSwift -Onone -enable-batch-mode -enforce-exclusivity=checked @/Users/vitor/Library/Developer/Xcode/DerivedData/SonarConfigurationSwift-gmvfubbtayzsseesacyytvzmsxfg/Build/Intermediates.noindex/SonarConfigurationSwift.build/Debug-iphonesimulator/SonarConfigurationSwift.build/Objects-normal/x86_64/SonarConfigurationSwift.SwiftFileList -DDEBUG -sdk /Applications/Xcode.app/Contents/Developer/Platforms/iPhoneSimulator.platform/Developer/SDKs/iPhoneSimulator13.0.sdk -target x86_64-apple-ios13.0-simulator -g -module-cache-path /Users/vitor/Library/Developer/Xcode/DerivedData/ModuleCache.noindex -Xfrontend -serialize-debugging-options -profile-coverage-mapping -profile-generate -enable-testing -swift-version 5 -I /Users/vitor/Library/Developer/Xcode/DerivedData/SonarConfigurationSwift-gmvfubbtayzsseesacyytvzmsxfg/Build/Products/Debug-iphonesimulator -F /Users/vitor/Library/Developer/Xcode/DerivedData/SonarConfigurationSwift-gmvfubbtayzsseesacyytvzmsxfg/Build/Products/Debug-iphonesimulator -c -j4 -output-file-map /Users/vitor/Library/Developer/Xcode/DerivedData/SonarConfigurationSwift-gmvfubbtayzsseesacyytvzmsxfg/Build/Intermediates.noindex/SonarConfigurationSwift.build/Debug-iphonesimulator/SonarConfigurationSwift.build/Objects-normal/x86_64/SonarConfigurationSwift-OutputFileMap.json -parseable-output -serialize-diagnostics -emit-dependencies -emit-module -emit-module-path /Users/vitor/Library/Developer/Xcode/DerivedData/SonarConfigurationSwift-gmvfubbtayzsseesacyytvzmsxfg/Build/Intermediates.noindex/SonarConfigurationSwift.build/Debug-iphonesimulator/SonarConfigurationSwift.build/Objects-normal/x86_64/SonarConfigurationSwift.swiftmodule -Xcc -I/Users/vitor/Library/Developer/Xcode/DerivedData/SonarConfigurationSwift-gmvfubbtayzsseesacyytvzmsxfg/Build/Intermediates.noindex/SonarConfigurationSwift.build/Debug-iphonesimulator/SonarConfigurationSwift.build/swift-overrides.hmap -Xcc -iquote -Xcc /Users/vitor/Library/Developer/Xcode/DerivedData/SonarConfigurationSwift-gmvfubbtayzsseesacyytvzmsxfg/Build/Intermediates.noindex/SonarConfigurationSwift.build/Debug-iphonesimulator/SonarConfigurationSwift.build/SonarConfigurationSwift-generated-files.hmap -Xcc -I/Users/vitor/Library/Developer/Xcode/DerivedData/SonarConfigurationSwift-gmvfubbtayzsseesacyytvzmsxfg/Build/Intermediates.noindex/SonarConfigurationSwift.build/Debug-iphonesimulator/SonarConfigurationSwift.build/SonarConfigurationSwift-own-target-headers.hmap -Xcc -I/Users/vitor/Library/Developer/Xcode/DerivedData/SonarConfigurationSwift-gmvfubbtayzsseesacyytvzmsxfg/Build/Intermediates.noindex/SonarConfigurationSwift.build/Debug-iphonesimulator/SonarConfigurationSwift.build/SonarConfigurationSwift-all-non-framework-target-headers.hmap -Xcc -ivfsoverlay -Xcc /Users/vitor/Library/Developer/Xcode/DerivedData/SonarConfigurationSwift-gmvfubbtayzsseesacyytvzmsxfg/Build/Intermediates.noindex/SonarConfigurationSwift.build/Debug-iphonesimulator/SonarConfigurationSwift.build/all-product-headers.yaml -Xcc -iquote -Xcc /Users/vitor/Library/Developer/Xcode/DerivedData/SonarConfigurationSwift-gmvfubbtayzsseesacyytvzmsxfg/Build/Intermediates.noindex/SonarConfigurationSwift.build/Debug-iphonesimulator/SonarConfigurationSwift.build/SonarConfigurationSwift-project-headers.hmap -Xcc -I/Users/vitor/Library/Developer/Xcode/DerivedData/SonarConfigurationSwift-gmvfubbtayzsseesacyytvzmsxfg/Build/Products/Debug-iphonesimulator/include -Xcc -I/Users/vitor/Library/Developer/Xcode/DerivedData/SonarConfigurationSwift-gmvfubbtayzsseesacyytvzmsxfg/Build/Intermediates.noindex/SonarConfigurationSwift.build/Debug-iphonesimulator/SonarConfigurationSwift.build/DerivedSources-normal/x86_64 -Xcc -I/Users/vitor/Library/Developer/Xcode/DerivedData/SonarConfigurationSwift-gmvfubbtayzsseesacyytvzmsxfg/Build/Intermediates.noindex/SonarConfigurationSwift.build/Debug-iphonesimulator/SonarConfigurationSwift.build/DerivedSources/x86_64 -Xcc -I/Users/vitor/Library/Developer/Xcode/DerivedData/SonarConfigurationSwift-gmvfubbtayzsseesacyytvzmsxfg/Build/Intermediates.noindex/SonarConfigurationSwift.build/Debug-iphonesimulator/SonarConfigurationSwift.build/DerivedSources -Xcc -DDEBUG=1 -Xcc -DCOCOAPODS=1 -emit-objc-header -emit-objc-header-path /Users/vitor/Library/Developer/Xcode/DerivedData/SonarConfigurationSwift-gmvfubbtayzsseesacyytvzmsxfg/Build/Intermediates.noindex/SonarConfigurationSwift.build/Debug-iphonesimulator/SonarConfigurationSwift.build/Objects-normal/x86_64/SonarConfigurationSwift-Swift.h -working-directory /Users/vitor/Documents/GitHub/SonarConfigurationSwift
CompileSwift normal x86_64 /Users/vitor/Documents/GitHub/SonarConfigurationSwift/SonarConfigurationSwift/ViewController.swift (in target 'SonarConfigurationSwift' from project 'SonarConfigurationSwift')
    cd /Users/vitor/Documents/GitHub/SonarConfigurationSwift
    /Applications/Xcode.app/Contents/Developer/Toolchains/XcodeDefault.xctoolchain/usr/bin/swift -frontend -c -primary-file /Users/vitor/Documents/GitHub/SonarConfigurationSwift/SonarConfigurationSwift/ViewController.swift /Users/vitor/Documents/GitHub/SonarConfigurationSwift/SonarConfigurationSwift/AppDelegate.swift /Users/vitor/Documents/GitHub/SonarConfigurationSwift/SonarConfigurationSwift/SceneDelegate.swift -emit-module-path /Users/vitor/Library/Developer/Xcode/DerivedData/SonarConfigurationSwift-gmvfubbtayzsseesacyytvzmsxfg/Build/Intermediates.noindex/SonarConfigurationSwift.build/Debug-iphonesimulator/SonarConfigurationSwift.build/Objects-normal/x86_64/ViewController\~partial.swiftmodule -emit-module-doc-path /Users/vitor/Library/Developer/Xcode/DerivedData/SonarConfigurationSwift-gmvfubbtayzsseesacyytvzmsxfg/Build/Intermediates.noindex/SonarConfigurationSwift.build/Debug-iphonesimulator/SonarConfigurationSwift.build/Objects-normal/x86_64/ViewController\~partial.swiftdoc -serialize-diagnostics-path /Users/vitor/Library/Developer/Xcode/DerivedData/SonarConfigurationSwift-gmvfubbtayzsseesacyytvzmsxfg/Build/Intermediates.noindex/SonarConfigurationSwift.build/Debug-iphonesimulator/SonarConfigurationSwift.build/Objects-normal/x86_64/ViewController.dia -emit-dependencies-path /Users/vitor/Library/Developer/Xcode/DerivedData/SonarConfigurationSwift-gmvfubbtayzsseesacyytvzmsxfg/Build/Intermediates.noindex/SonarConfigurationSwift.build/Debug-iphonesimulator/SonarConfigurationSwift.build/Objects-normal/x86_64/ViewController.d -emit-reference-dependencies-path /Users/vitor/Library/Developer/Xcode/DerivedData/SonarConfigurationSwift-gmvfubbtayzsseesacyytvzmsxfg/Build/Intermediates.noindex/SonarConfigurationSwift.build/Debug-iphonesimulator/SonarConfigurationSwift.build/Objects-normal/x86_64/ViewController.swiftdeps -target x86_64-apple-ios13.0-simulator -enable-objc-interop -sdk /Applications/Xcode.app/Contents/Developer/Platforms/iPhoneSimulator.platform/Developer/SDKs/iPhoneSimulator13.0.sdk -I /Users/vitor/Library/Developer/Xcode/DerivedData/SonarConfigurationSwift-gmvfubbtayzsseesacyytvzmsxfg/Build/Products/Debug-iphonesimulator -F /Users/vitor/Library/Developer/Xcode/DerivedData/SonarConfigurationSwift-gmvfubbtayzsseesacyytvzmsxfg/Build/Products/Debug-iphonesimulator -enable-testing -g -module-cache-path /Users/vitor/Library/Developer/Xcode/DerivedData/ModuleCache.noindex -profile-generate -profile-coverage-mapping -swift-version 5 -enforce-exclusivity=checked -Onone -D DEBUG -serialize-debugging-options -Xcc -working-directory -Xcc /Users/vitor/Documents/GitHub/SonarConfigurationSwift -enable-anonymous-context-mangled-names -Xcc -I/Users/vitor/Library/Developer/Xcode/DerivedData/SonarConfigurationSwift-gmvfubbtayzsseesacyytvzmsxfg/Build/Intermediates.noindex/SonarConfigurationSwift.build/Debug-iphonesimulator/SonarConfigurationSwift.build/swift-overrides.hmap -Xcc -iquote -Xcc /Users/vitor/Library/Developer/Xcode/DerivedData/SonarConfigurationSwift-gmvfubbtayzsseesacyytvzmsxfg/Build/Intermediates.noindex/SonarConfigurationSwift.build/Debug-iphonesimulator/SonarConfigurationSwift.build/SonarConfigurationSwift-generated-files.hmap -Xcc -I/Users/vitor/Library/Developer/Xcode/DerivedData/SonarConfigurationSwift-gmvfubbtayzsseesacyytvzmsxfg/Build/Intermediates.noindex/SonarConfigurationSwift.build/Debug-iphonesimulator/SonarConfigurationSwift.build/SonarConfigurationSwift-own-target-headers.hmap -Xcc -I/Users/vitor/Library/Developer/Xcode/DerivedData/SonarConfigurationSwift-gmvfubbtayzsseesacyytvzmsxfg/Build/Intermediates.noindex/SonarConfigurationSwift.build/Debug-iphonesimulator/SonarConfigurationSwift.build/SonarConfigurationSwift-all-non-framework-target-headers.hmap -Xcc -ivfsoverlay -Xcc /Users/vitor/Library/Developer/Xcode/DerivedData/SonarConfigurationSwift-gmvfubbtayzsseesacyytvzmsxfg/Build/Intermediates.noindex/SonarConfigurationSwift.build/Debug-iphonesimulator/SonarConfigurationSwift.build/all-product-headers.yaml -Xcc -iquote -Xcc /Users/vitor/Library/Developer/Xcode/DerivedData/SonarConfigurationSwift-gmvfubbtayzsseesacyytvzmsxfg/Build/Intermediates.noindex/SonarConfigurationSwift.build/Debug-iphonesimulator/SonarConfigurationSwift.build/SonarConfigurationSwift-project-headers.hmap -Xcc -I/Users/vitor/Library/Developer/Xcode/DerivedData/SonarConfigurationSwift-gmvfubbtayzsseesacyytvzmsxfg/Build/Products/Debug-iphonesimulator/include -Xcc -I/Users/vitor/Library/Developer/Xcode/DerivedData/SonarConfigurationSwift-gmvfubbtayzsseesacyytvzmsxfg/Build/Intermediates.noindex/SonarConfigurationSwift.build/Debug-iphonesimulator/SonarConfigurationSwift.build/DerivedSources-normal/x86_64 -Xcc -I/Users/vitor/Library/Developer/Xcode/DerivedData/SonarConfigurationSwift-gmvfubbtayzsseesacyytvzmsxfg/Build/Intermediates.noindex/SonarConfigurationSwift.build/Debug-iphonesimulator/SonarConfigurationSwift.build/DerivedSources/x86_64 -Xcc -I/Users/vitor/Library/Developer/Xcode/DerivedData/SonarConfigurationSwift-gmvfubbtayzsseesacyytvzmsxfg/Build/Intermediates.noindex/SonarConfigurationSwift.build/Debug-iphonesimulator/SonarConfigurationSwift.build/DerivedSources -Xcc -DDEBUG=1 -Xcc -DCOCOAPODS=1 -module-name SonarConfigurationSwift -o /Users/vitor/Library/Developer/Xcode/DerivedData/SonarConfigurationSwift-gmvfubbtayzsseesacyytvzmsxfg/Build/Intermediates.noindex/SonarConfigurationSwift.build/Debug-iphonesimulator/SonarConfigurationSwift.build/Objects-normal/x86_64/ViewController.o

CompileSwift normal x86_64 /Users/vitor/Documents/GitHub/SonarConfigurationSwift/SonarConfigurationSwift/AppDelegate.swift (in target 'SonarConfigurationSwift' from project 'SonarConfigurationSwift')
    cd /Users/vitor/Documents/GitHub/SonarConfigurationSwift
    /Applications/Xcode.app/Contents/Developer/Toolchains/XcodeDefault.xctoolchain/usr/bin/swift -frontend -c /Users/vitor/Documents/GitHub/SonarConfigurationSwift/SonarConfigurationSwift/ViewController.swift -primary-file /Users/vitor/Documents/GitHub/SonarConfigurationSwift/SonarConfigurationSwift/AppDelegate.swift /Users/vitor/Documents/GitHub/SonarConfigurationSwift/SonarConfigurationSwift/SceneDelegate.swift -emit-module-path /Users/vitor/Library/Developer/Xcode/DerivedData/SonarConfigurationSwift-gmvfubbtayzsseesacyytvzmsxfg/Build/Intermediates.noindex/SonarConfigurationSwift.build/Debug-iphonesimulator/SonarConfigurationSwift.build/Objects-normal/x86_64/AppDelegate\~partial.swiftmodule -emit-module-doc-path /Users/vitor/Library/Developer/Xcode/DerivedData/SonarConfigurationSwift-gmvfubbtayzsseesacyytvzmsxfg/Build/Intermediates.noindex/SonarConfigurationSwift.build/Debug-iphonesimulator/SonarConfigurationSwift.build/Objects-normal/x86_64/AppDelegate\~partial.swiftdoc -serialize-diagnostics-path /Users/vitor/Library/Developer/Xcode/DerivedData/SonarConfigurationSwift-gmvfubbtayzsseesacyytvzmsxfg/Build/Intermediates.noindex/SonarConfigurationSwift.build/Debug-iphonesimulator/SonarConfigurationSwift.build/Objects-normal/x86_64/AppDelegate.dia -emit-dependencies-path /Users/vitor/Library/Developer/Xcode/DerivedData/SonarConfigurationSwift-gmvfubbtayzsseesacyytvzmsxfg/Build/Intermediates.noindex/SonarConfigurationSwift.build/Debug-iphonesimulator/SonarConfigurationSwift.build/Objects-normal/x86_64/AppDelegate.d -emit-reference-dependencies-path /Users/vitor/Library/Developer/Xcode/DerivedData/SonarConfigurationSwift-gmvfubbtayzsseesacyytvzmsxfg/Build/Intermediates.noindex/SonarConfigurationSwift.build/Debug-iphonesimulator/SonarConfigurationSwift.build/Objects-normal/x86_64/AppDelegate.swiftdeps -target x86_64-apple-ios13.0-simulator -enable-objc-interop -sdk /Applications/Xcode.app/Contents/Developer/Platforms/iPhoneSimulator.platform/Developer/SDKs/iPhoneSimulator13.0.sdk -I /Users/vitor/Library/Developer/Xcode/DerivedData/SonarConfigurationSwift-gmvfubbtayzsseesacyytvzmsxfg/Build/Products/Debug-iphonesimulator -F /Users/vitor/Library/Developer/Xcode/DerivedData/SonarConfigurationSwift-gmvfubbtayzsseesacyytvzmsxfg/Build/Products/Debug-iphonesimulator -enable-testing -g -module-cache-path /Users/vitor/Library/Developer/Xcode/DerivedData/ModuleCache.noindex -profile-generate -profile-coverage-mapping -swift-version 5 -enforce-exclusivity=checked -Onone -D DEBUG -serialize-debugging-options -Xcc -working-directory -Xcc /Users/vitor/Documents/GitHub/SonarConfigurationSwift -enable-anonymous-context-mangled-names -Xcc -I/Users/vitor/Library/Developer/Xcode/DerivedData/SonarConfigurationSwift-gmvfubbtayzsseesacyytvzmsxfg/Build/Intermediates.noindex/SonarConfigurationSwift.build/Debug-iphonesimulator/SonarConfigurationSwift.build/swift-overrides.hmap -Xcc -iquote -Xcc /Users/vitor/Library/Developer/Xcode/DerivedData/SonarConfigurationSwift-gmvfubbtayzsseesacyytvzmsxfg/Build/Intermediates.noindex/SonarConfigurationSwift.build/Debug-iphonesimulator/SonarConfigurationSwift.build/SonarConfigurationSwift-generated-files.hmap -Xcc -I/Users/vitor/Library/Developer/Xcode/DerivedData/SonarConfigurationSwift-gmvfubbtayzsseesacyytvzmsxfg/Build/Intermediates.noindex/SonarConfigurationSwift.build/Debug-iphonesimulator/SonarConfigurationSwift.build/SonarConfigurationSwift-own-target-headers.hmap -Xcc -I/Users/vitor/Library/Developer/Xcode/DerivedData/SonarConfigurationSwift-gmvfubbtayzsseesacyytvzmsxfg/Build/Intermediates.noindex/SonarConfigurationSwift.build/Debug-iphonesimulator/SonarConfigurationSwift.build/SonarConfigurationSwift-all-non-framework-target-headers.hmap -Xcc -ivfsoverlay -Xcc /Users/vitor/Library/Developer/Xcode/DerivedData/SonarConfigurationSwift-gmvfubbtayzsseesacyytvzmsxfg/Build/Intermediates.noindex/SonarConfigurationSwift.build/Debug-iphonesimulator/SonarConfigurationSwift.build/all-product-headers.yaml -Xcc -iquote -Xcc /Users/vitor/Library/Developer/Xcode/DerivedData/SonarConfigurationSwift-gmvfubbtayzsseesacyytvzmsxfg/Build/Intermediates.noindex/SonarConfigurationSwift.build/Debug-iphonesimulator/SonarConfigurationSwift.build/SonarConfigurationSwift-project-headers.hmap -Xcc -I/Users/vitor/Library/Developer/Xcode/DerivedData/SonarConfigurationSwift-gmvfubbtayzsseesacyytvzmsxfg/Build/Products/Debug-iphonesimulator/include -Xcc -I/Users/vitor/Library/Developer/Xcode/DerivedData/SonarConfigurationSwift-gmvfubbtayzsseesacyytvzmsxfg/Build/Intermediates.noindex/SonarConfigurationSwift.build/Debug-iphonesimulator/SonarConfigurationSwift.build/DerivedSources-normal/x86_64 -Xcc -I/Users/vitor/Library/Developer/Xcode/DerivedData/SonarConfigurationSwift-gmvfubbtayzsseesacyytvzmsxfg/Build/Intermediates.noindex/SonarConfigurationSwift.build/Debug-iphonesimulator/SonarConfigurationSwift.build/DerivedSources/x86_64 -Xcc -I/Users/vitor/Library/Developer/Xcode/DerivedData/SonarConfigurationSwift-gmvfubbtayzsseesacyytvzmsxfg/Build/Intermediates.noindex/SonarConfigurationSwift.build/Debug-iphonesimulator/SonarConfigurationSwift.build/DerivedSources -Xcc -DDEBUG=1 -Xcc -DCOCOAPODS=1 -module-name SonarConfigurationSwift -o /Users/vitor/Library/Developer/Xcode/DerivedData/SonarConfigurationSwift-gmvfubbtayzsseesacyytvzmsxfg/Build/Intermediates.noindex/SonarConfigurationSwift.build/Debug-iphonesimulator/SonarConfigurationSwift.build/Objects-normal/x86_64/AppDelegate.o

CompileSwift normal x86_64 /Users/vitor/Documents/GitHub/SonarConfigurationSwift/SonarConfigurationSwift/SceneDelegate.swift (in target 'SonarConfigurationSwift' from project 'SonarConfigurationSwift')
    cd /Users/vitor/Documents/GitHub/SonarConfigurationSwift
    /Applications/Xcode.app/Contents/Developer/Toolchains/XcodeDefault.xctoolchain/usr/bin/swift -frontend -c /Users/vitor/Documents/GitHub/SonarConfigurationSwift/SonarConfigurationSwift/ViewController.swift /Users/vitor/Documents/GitHub/SonarConfigurationSwift/SonarConfigurationSwift/AppDelegate.swift -primary-file /Users/vitor/Documents/GitHub/SonarConfigurationSwift/SonarConfigurationSwift/SceneDelegate.swift -emit-module-path /Users/vitor/Library/Developer/Xcode/DerivedData/SonarConfigurationSwift-gmvfubbtayzsseesacyytvzmsxfg/Build/Intermediates.noindex/SonarConfigurationSwift.build/Debug-iphonesimulator/SonarConfigurationSwift.build/Objects-normal/x86_64/SceneDelegate\~partial.swiftmodule -emit-module-doc-path /Users/vitor/Library/Developer/Xcode/DerivedData/SonarConfigurationSwift-gmvfubbtayzsseesacyytvzmsxfg/Build/Intermediates.noindex/SonarConfigurationSwift.build/Debug-iphonesimulator/SonarConfigurationSwift.build/Objects-normal/x86_64/SceneDelegate\~partial.swiftdoc -serialize-diagnostics-path /Users/vitor/Library/Developer/Xcode/DerivedData/SonarConfigurationSwift-gmvfubbtayzsseesacyytvzmsxfg/Build/Intermediates.noindex/SonarConfigurationSwift.build/Debug-iphonesimulator/SonarConfigurationSwift.build/Objects-normal/x86_64/SceneDelegate.dia -emit-dependencies-path /Users/vitor/Library/Developer/Xcode/DerivedData/SonarConfigurationSwift-gmvfubbtayzsseesacyytvzmsxfg/Build/Intermediates.noindex/SonarConfigurationSwift.build/Debug-iphonesimulator/SonarConfigurationSwift.build/Objects-normal/x86_64/SceneDelegate.d -emit-reference-dependencies-path /Users/vitor/Library/Developer/Xcode/DerivedData/SonarConfigurationSwift-gmvfubbtayzsseesacyytvzmsxfg/Build/Intermediates.noindex/SonarConfigurationSwift.build/Debug-iphonesimulator/SonarConfigurationSwift.build/Objects-normal/x86_64/SceneDelegate.swiftdeps -target x86_64-apple-ios13.0-simulator -enable-objc-interop -sdk /Applications/Xcode.app/Contents/Developer/Platforms/iPhoneSimulator.platform/Developer/SDKs/iPhoneSimulator13.0.sdk -I /Users/vitor/Library/Developer/Xcode/DerivedData/SonarConfigurationSwift-gmvfubbtayzsseesacyytvzmsxfg/Build/Products/Debug-iphonesimulator -F /Users/vitor/Library/Developer/Xcode/DerivedData/SonarConfigurationSwift-gmvfubbtayzsseesacyytvzmsxfg/Build/Products/Debug-iphonesimulator -enable-testing -g -module-cache-path /Users/vitor/Library/Developer/Xcode/DerivedData/ModuleCache.noindex -profile-generate -profile-coverage-mapping -swift-version 5 -enforce-exclusivity=checked -Onone -D DEBUG -serialize-debugging-options -Xcc -working-directory -Xcc /Users/vitor/Documents/GitHub/SonarConfigurationSwift -enable-anonymous-context-mangled-names -Xcc -I/Users/vitor/Library/Developer/Xcode/DerivedData/SonarConfigurationSwift-gmvfubbtayzsseesacyytvzmsxfg/Build/Intermediates.noindex/SonarConfigurationSwift.build/Debug-iphonesimulator/SonarConfigurationSwift.build/swift-overrides.hmap -Xcc -iquote -Xcc /Users/vitor/Library/Developer/Xcode/DerivedData/SonarConfigurationSwift-gmvfubbtayzsseesacyytvzmsxfg/Build/Intermediates.noindex/SonarConfigurationSwift.build/Debug-iphonesimulator/SonarConfigurationSwift.build/SonarConfigurationSwift-generated-files.hmap -Xcc -I/Users/vitor/Library/Developer/Xcode/DerivedData/SonarConfigurationSwift-gmvfubbtayzsseesacyytvzmsxfg/Build/Intermediates.noindex/SonarConfigurationSwift.build/Debug-iphonesimulator/SonarConfigurationSwift.build/SonarConfigurationSwift-own-target-headers.hmap -Xcc -I/Users/vitor/Library/Developer/Xcode/DerivedData/SonarConfigurationSwift-gmvfubbtayzsseesacyytvzmsxfg/Build/Intermediates.noindex/SonarConfigurationSwift.build/Debug-iphonesimulator/SonarConfigurationSwift.build/SonarConfigurationSwift-all-non-framework-target-headers.hmap -Xcc -ivfsoverlay -Xcc /Users/vitor/Library/Developer/Xcode/DerivedData/SonarConfigurationSwift-gmvfubbtayzsseesacyytvzmsxfg/Build/Intermediates.noindex/SonarConfigurationSwift.build/Debug-iphonesimulator/SonarConfigurationSwift.build/all-product-headers.yaml -Xcc -iquote -Xcc /Users/vitor/Library/Developer/Xcode/DerivedData/SonarConfigurationSwift-gmvfubbtayzsseesacyytvzmsxfg/Build/Intermediates.noindex/SonarConfigurationSwift.build/Debug-iphonesimulator/SonarConfigurationSwift.build/SonarConfigurationSwift-project-headers.hmap -Xcc -I/Users/vitor/Library/Developer/Xcode/DerivedData/SonarConfigurationSwift-gmvfubbtayzsseesacyytvzmsxfg/Build/Products/Debug-iphonesimulator/include -Xcc -I/Users/vitor/Library/Developer/Xcode/DerivedData/SonarConfigurationSwift-gmvfubbtayzsseesacyytvzmsxfg/Build/Intermediates.noindex/SonarConfigurationSwift.build/Debug-iphonesimulator/SonarConfigurationSwift.build/DerivedSources-normal/x86_64 -Xcc -I/Users/vitor/Library/Developer/Xcode/DerivedData/SonarConfigurationSwift-gmvfubbtayzsseesacyytvzmsxfg/Build/Intermediates.noindex/SonarConfigurationSwift.build/Debug-iphonesimulator/SonarConfigurationSwift.build/DerivedSources/x86_64 -Xcc -I/Users/vitor/Library/Developer/Xcode/DerivedData/SonarConfigurationSwift-gmvfubbtayzsseesacyytvzmsxfg/Build/Intermediates.noindex/SonarConfigurationSwift.build/Debug-iphonesimulator/SonarConfigurationSwift.build/DerivedSources -Xcc -DDEBUG=1 -Xcc -DCOCOAPODS=1 -module-name SonarConfigurationSwift -o /Users/vitor/Library/Developer/Xcode/DerivedData/SonarConfigurationSwift-gmvfubbtayzsseesacyytvzmsxfg/Build/Intermediates.noindex/SonarConfigurationSwift.build/Debug-iphonesimulator/SonarConfigurationSwift.build/Objects-normal/x86_64/SceneDelegate.o

MergeSwiftModule normal x86_64 (in target 'SonarConfigurationSwift' from project 'SonarConfigurationSwift')
    cd /Users/vitor/Documents/GitHub/SonarConfigurationSwift
    /Applications/Xcode.app/Contents/Developer/Toolchains/XcodeDefault.xctoolchain/usr/bin/swift -frontend -merge-modules -emit-module /Users/vitor/Library/Developer/Xcode/DerivedData/SonarConfigurationSwift-gmvfubbtayzsseesacyytvzmsxfg/Build/Intermediates.noindex/SonarConfigurationSwift.build/Debug-iphonesimulator/SonarConfigurationSwift.build/Objects-normal/x86_64/ViewController\~partial.swiftmodule /Users/vitor/Library/Developer/Xcode/DerivedData/SonarConfigurationSwift-gmvfubbtayzsseesacyytvzmsxfg/Build/Intermediates.noindex/SonarConfigurationSwift.build/Debug-iphonesimulator/SonarConfigurationSwift.build/Objects-normal/x86_64/AppDelegate\~partial.swiftmodule /Users/vitor/Library/Developer/Xcode/DerivedData/SonarConfigurationSwift-gmvfubbtayzsseesacyytvzmsxfg/Build/Intermediates.noindex/SonarConfigurationSwift.build/Debug-iphonesimulator/SonarConfigurationSwift.build/Objects-normal/x86_64/SceneDelegate\~partial.swiftmodule -parse-as-library -sil-merge-partial-modules -disable-diagnostic-passes -disable-sil-perf-optzns -target x86_64-apple-ios13.0-simulator -enable-objc-interop -sdk /Applications/Xcode.app/Contents/Developer/Platforms/iPhoneSimulator.platform/Developer/SDKs/iPhoneSimulator13.0.sdk -I /Users/vitor/Library/Developer/Xcode/DerivedData/SonarConfigurationSwift-gmvfubbtayzsseesacyytvzmsxfg/Build/Products/Debug-iphonesimulator -F /Users/vitor/Library/Developer/Xcode/DerivedData/SonarConfigurationSwift-gmvfubbtayzsseesacyytvzmsxfg/Build/Products/Debug-iphonesimulator -enable-testing -g -module-cache-path /Users/vitor/Library/Developer/Xcode/DerivedData/ModuleCache.noindex -profile-generate -profile-coverage-mapping -swift-version 5 -enforce-exclusivity=checked -Onone -D DEBUG -serialize-debugging-options -Xcc -working-directory -Xcc /Users/vitor/Documents/GitHub/SonarConfigurationSwift -enable-anonymous-context-mangled-names -Xcc -I/Users/vitor/Library/Developer/Xcode/DerivedData/SonarConfigurationSwift-gmvfubbtayzsseesacyytvzmsxfg/Build/Intermediates.noindex/SonarConfigurationSwift.build/Debug-iphonesimulator/SonarConfigurationSwift.build/swift-overrides.hmap -Xcc -iquote -Xcc /Users/vitor/Library/Developer/Xcode/DerivedData/SonarConfigurationSwift-gmvfubbtayzsseesacyytvzmsxfg/Build/Intermediates.noindex/SonarConfigurationSwift.build/Debug-iphonesimulator/SonarConfigurationSwift.build/SonarConfigurationSwift-generated-files.hmap -Xcc -I/Users/vitor/Library/Developer/Xcode/DerivedData/SonarConfigurationSwift-gmvfubbtayzsseesacyytvzmsxfg/Build/Intermediates.noindex/SonarConfigurationSwift.build/Debug-iphonesimulator/SonarConfigurationSwift.build/SonarConfigurationSwift-own-target-headers.hmap -Xcc -I/Users/vitor/Library/Developer/Xcode/DerivedData/SonarConfigurationSwift-gmvfubbtayzsseesacyytvzmsxfg/Build/Intermediates.noindex/SonarConfigurationSwift.build/Debug-iphonesimulator/SonarConfigurationSwift.build/SonarConfigurationSwift-all-non-framework-target-headers.hmap -Xcc -ivfsoverlay -Xcc /Users/vitor/Library/Developer/Xcode/DerivedData/SonarConfigurationSwift-gmvfubbtayzsseesacyytvzmsxfg/Build/Intermediates.noindex/SonarConfigurationSwift.build/Debug-iphonesimulator/SonarConfigurationSwift.build/all-product-headers.yaml -Xcc -iquote -Xcc /Users/vitor/Library/Developer/Xcode/DerivedData/SonarConfigurationSwift-gmvfubbtayzsseesacyytvzmsxfg/Build/Intermediates.noindex/SonarConfigurationSwift.build/Debug-iphonesimulator/SonarConfigurationSwift.build/SonarConfigurationSwift-project-headers.hmap -Xcc -I/Users/vitor/Library/Developer/Xcode/DerivedData/SonarConfigurationSwift-gmvfubbtayzsseesacyytvzmsxfg/Build/Products/Debug-iphonesimulator/include -Xcc -I/Users/vitor/Library/Developer/Xcode/DerivedData/SonarConfigurationSwift-gmvfubbtayzsseesacyytvzmsxfg/Build/Intermediates.noindex/SonarConfigurationSwift.build/Debug-iphonesimulator/SonarConfigurationSwift.build/DerivedSources-normal/x86_64 -Xcc -I/Users/vitor/Library/Developer/Xcode/DerivedData/SonarConfigurationSwift-gmvfubbtayzsseesacyytvzmsxfg/Build/Intermediates.noindex/SonarConfigurationSwift.build/Debug-iphonesimulator/SonarConfigurationSwift.build/DerivedSources/x86_64 -Xcc -I/Users/vitor/Library/Developer/Xcode/DerivedData/SonarConfigurationSwift-gmvfubbtayzsseesacyytvzmsxfg/Build/Intermediates.noindex/SonarConfigurationSwift.build/Debug-iphonesimulator/SonarConfigurationSwift.build/DerivedSources -Xcc -DDEBUG=1 -Xcc -DCOCOAPODS=1 -emit-module-doc-path /Users/vitor/Library/Developer/Xcode/DerivedData/SonarConfigurationSwift-gmvfubbtayzsseesacyytvzmsxfg/Build/Intermediates.noindex/SonarConfigurationSwift.build/Debug-iphonesimulator/SonarConfigurationSwift.build/Objects-normal/x86_64/SonarConfigurationSwift.swiftdoc -emit-objc-header-path /Users/vitor/Library/Developer/Xcode/DerivedData/SonarConfigurationSwift-gmvfubbtayzsseesacyytvzmsxfg/Build/Intermediates.noindex/SonarConfigurationSwift.build/Debug-iphonesimulator/SonarConfigurationSwift.build/Objects-normal/x86_64/SonarConfigurationSwift-Swift.h -module-name SonarConfigurationSwift -o /Users/vitor/Library/Developer/Xcode/DerivedData/SonarConfigurationSwift-gmvfubbtayzsseesacyytvzmsxfg/Build/Intermediates.noindex/SonarConfigurationSwift.build/Debug-iphonesimulator/SonarConfigurationSwift.build/Objects-normal/x86_64/SonarConfigurationSwift.swiftmodule

Ld /Users/vitor/Library/Developer/Xcode/DerivedData/SonarConfigurationSwift-gmvfubbtayzsseesacyytvzmsxfg/Build/Products/Debug-iphonesimulator/SonarConfigurationSwift.app/SonarConfigurationSwift normal x86_64 (in target 'SonarConfigurationSwift' from project 'SonarConfigurationSwift')
    cd /Users/vitor/Documents/GitHub/SonarConfigurationSwift
    /Applications/Xcode.app/Contents/Developer/Toolchains/XcodeDefault.xctoolchain/usr/bin/clang -target x86_64-apple-ios13.0-simulator -isysroot /Applications/Xcode.app/Contents/Developer/Platforms/iPhoneSimulator.platform/Developer/SDKs/iPhoneSimulator13.0.sdk -L/Users/vitor/Library/Developer/Xcode/DerivedData/SonarConfigurationSwift-gmvfubbtayzsseesacyytvzmsxfg/Build/Products/Debug-iphonesimulator -F/Users/vitor/Library/Developer/Xcode/DerivedData/SonarConfigurationSwift-gmvfubbtayzsseesacyytvzmsxfg/Build/Products/Debug-iphonesimulator -filelist /Users/vitor/Library/Developer/Xcode/DerivedData/SonarConfigurationSwift-gmvfubbtayzsseesacyytvzmsxfg/Build/Intermediates.noindex/SonarConfigurationSwift.build/Debug-iphonesimulator/SonarConfigurationSwift.build/Objects-normal/x86_64/SonarConfigurationSwift.LinkFileList -Xlinker -rpath -Xlinker @executable_path/Frameworks -dead_strip -Xlinker -object_path_lto -Xlinker /Users/vitor/Library/Developer/Xcode/DerivedData/SonarConfigurationSwift-gmvfubbtayzsseesacyytvzmsxfg/Build/Intermediates.noindex/SonarConfigurationSwift.build/Debug-iphonesimulator/SonarConfigurationSwift.build/Objects-normal/x86_64/SonarConfigurationSwift_lto.o -Xlinker -export_dynamic -Xlinker -no_deduplicate -Xlinker -objc_abi_version -Xlinker 2 -fobjc-link-runtime -fprofile-instr-generate -L/Applications/Xcode.app/Contents/Developer/Toolchains/XcodeDefault.xctoolchain/usr/lib/swift/iphonesimulator -L/usr/lib/swift -Xlinker -add_ast_path -Xlinker /Users/vitor/Library/Developer/Xcode/DerivedData/SonarConfigurationSwift-gmvfubbtayzsseesacyytvzmsxfg/Build/Intermediates.noindex/SonarConfigurationSwift.build/Debug-iphonesimulator/SonarConfigurationSwift.build/Objects-normal/x86_64/SonarConfigurationSwift.swiftmodule -Xlinker -sectcreate -Xlinker __TEXT -Xlinker __entitlements -Xlinker /Users/vitor/Library/Developer/Xcode/DerivedData/SonarConfigurationSwift-gmvfubbtayzsseesacyytvzmsxfg/Build/Intermediates.noindex/SonarConfigurationSwift.build/Debug-iphonesimulator/SonarConfigurationSwift.build/SonarConfigurationSwift.app-Simulated.xcent -framework Pods_SonarConfigurationSwift -Xlinker -dependency_info -Xlinker /Users/vitor/Library/Developer/Xcode/DerivedData/SonarConfigurationSwift-gmvfubbtayzsseesacyytvzmsxfg/Build/Intermediates.noindex/SonarConfigurationSwift.build/Debug-iphonesimulator/SonarConfigurationSwift.build/Objects-normal/x86_64/SonarConfigurationSwift_dependency_info.dat -o /Users/vitor/Library/Developer/Xcode/DerivedData/SonarConfigurationSwift-gmvfubbtayzsseesacyytvzmsxfg/Build/Products/Debug-iphonesimulator/SonarConfigurationSwift.app/SonarConfigurationSwift

Ditto /Users/vitor/Library/Developer/Xcode/DerivedData/SonarConfigurationSwift-gmvfubbtayzsseesacyytvzmsxfg/Build/Products/Debug-iphonesimulator/SonarConfigurationSwift.swiftmodule/x86_64.swiftdoc /Users/vitor/Library/Developer/Xcode/DerivedData/SonarConfigurationSwift-gmvfubbtayzsseesacyytvzmsxfg/Build/Intermediates.noindex/SonarConfigurationSwift.build/Debug-iphonesimulator/SonarConfigurationSwift.build/Objects-normal/x86_64/SonarConfigurationSwift.swiftdoc (in target 'SonarConfigurationSwift' from project 'SonarConfigurationSwift')
    cd /Users/vitor/Documents/GitHub/SonarConfigurationSwift
    /usr/bin/ditto -rsrc /Users/vitor/Library/Developer/Xcode/DerivedData/SonarConfigurationSwift-gmvfubbtayzsseesacyytvzmsxfg/Build/Intermediates.noindex/SonarConfigurationSwift.build/Debug-iphonesimulator/SonarConfigurationSwift.build/Objects-normal/x86_64/SonarConfigurationSwift.swiftdoc /Users/vitor/Library/Developer/Xcode/DerivedData/SonarConfigurationSwift-gmvfubbtayzsseesacyytvzmsxfg/Build/Products/Debug-iphonesimulator/SonarConfigurationSwift.swiftmodule/x86_64.swiftdoc

Ditto /Users/vitor/Library/Developer/Xcode/DerivedData/SonarConfigurationSwift-gmvfubbtayzsseesacyytvzmsxfg/Build/Products/Debug-iphonesimulator/SonarConfigurationSwift.swiftmodule/x86_64.swiftmodule /Users/vitor/Library/Developer/Xcode/DerivedData/SonarConfigurationSwift-gmvfubbtayzsseesacyytvzmsxfg/Build/Intermediates.noindex/SonarConfigurationSwift.build/Debug-iphonesimulator/SonarConfigurationSwift.build/Objects-normal/x86_64/SonarConfigurationSwift.swiftmodule (in target 'SonarConfigurationSwift' from project 'SonarConfigurationSwift')
    cd /Users/vitor/Documents/GitHub/SonarConfigurationSwift
    /usr/bin/ditto -rsrc /Users/vitor/Library/Developer/Xcode/DerivedData/SonarConfigurationSwift-gmvfubbtayzsseesacyytvzmsxfg/Build/Intermediates.noindex/SonarConfigurationSwift.build/Debug-iphonesimulator/SonarConfigurationSwift.build/Objects-normal/x86_64/SonarConfigurationSwift.swiftmodule /Users/vitor/Library/Developer/Xcode/DerivedData/SonarConfigurationSwift-gmvfubbtayzsseesacyytvzmsxfg/Build/Products/Debug-iphonesimulator/SonarConfigurationSwift.swiftmodule/x86_64.swiftmodule

Ditto /Users/vitor/Library/Developer/Xcode/DerivedData/SonarConfigurationSwift-gmvfubbtayzsseesacyytvzmsxfg/Build/Products/Debug-iphonesimulator/SonarConfigurationSwift.swiftmodule/x86_64-apple-ios-simulator.swiftmodule /Users/vitor/Library/Developer/Xcode/DerivedData/SonarConfigurationSwift-gmvfubbtayzsseesacyytvzmsxfg/Build/Intermediates.noindex/SonarConfigurationSwift.build/Debug-iphonesimulator/SonarConfigurationSwift.build/Objects-normal/x86_64/SonarConfigurationSwift.swiftmodule (in target 'SonarConfigurationSwift' from project 'SonarConfigurationSwift')
    cd /Users/vitor/Documents/GitHub/SonarConfigurationSwift
    /usr/bin/ditto -rsrc /Users/vitor/Library/Developer/Xcode/DerivedData/SonarConfigurationSwift-gmvfubbtayzsseesacyytvzmsxfg/Build/Intermediates.noindex/SonarConfigurationSwift.build/Debug-iphonesimulator/SonarConfigurationSwift.build/Objects-normal/x86_64/SonarConfigurationSwift.swiftmodule /Users/vitor/Library/Developer/Xcode/DerivedData/SonarConfigurationSwift-gmvfubbtayzsseesacyytvzmsxfg/Build/Products/Debug-iphonesimulator/SonarConfigurationSwift.swiftmodule/x86_64-apple-ios-simulator.swiftmodule

Ditto /Users/vitor/Library/Developer/Xcode/DerivedData/SonarConfigurationSwift-gmvfubbtayzsseesacyytvzmsxfg/Build/Products/Debug-iphonesimulator/SonarConfigurationSwift.swiftmodule/x86_64-apple-ios-simulator.swiftdoc /Users/vitor/Library/Developer/Xcode/DerivedData/SonarConfigurationSwift-gmvfubbtayzsseesacyytvzmsxfg/Build/Intermediates.noindex/SonarConfigurationSwift.build/Debug-iphonesimulator/SonarConfigurationSwift.build/Objects-normal/x86_64/SonarConfigurationSwift.swiftdoc (in target 'SonarConfigurationSwift' from project 'SonarConfigurationSwift')
    cd /Users/vitor/Documents/GitHub/SonarConfigurationSwift
    /usr/bin/ditto -rsrc /Users/vitor/Library/Developer/Xcode/DerivedData/SonarConfigurationSwift-gmvfubbtayzsseesacyytvzmsxfg/Build/Intermediates.noindex/SonarConfigurationSwift.build/Debug-iphonesimulator/SonarConfigurationSwift.build/Objects-normal/x86_64/SonarConfigurationSwift.swiftdoc /Users/vitor/Library/Developer/Xcode/DerivedData/SonarConfigurationSwift-gmvfubbtayzsseesacyytvzmsxfg/Build/Products/Debug-iphonesimulator/SonarConfigurationSwift.swiftmodule/x86_64-apple-ios-simulator.swiftdoc

Ditto /Users/vitor/Library/Developer/Xcode/DerivedData/SonarConfigurationSwift-gmvfubbtayzsseesacyytvzmsxfg/Build/Intermediates.noindex/SonarConfigurationSwift.build/Debug-iphonesimulator/SonarConfigurationSwift.build/DerivedSources/SonarConfigurationSwift-Swift.h /Users/vitor/Library/Developer/Xcode/DerivedData/SonarConfigurationSwift-gmvfubbtayzsseesacyytvzmsxfg/Build/Intermediates.noindex/SonarConfigurationSwift.build/Debug-iphonesimulator/SonarConfigurationSwift.build/Objects-normal/x86_64/SonarConfigurationSwift-Swift.h (in target 'SonarConfigurationSwift' from project 'SonarConfigurationSwift')
    cd /Users/vitor/Documents/GitHub/SonarConfigurationSwift
    /usr/bin/ditto -rsrc /Users/vitor/Library/Developer/Xcode/DerivedData/SonarConfigurationSwift-gmvfubbtayzsseesacyytvzmsxfg/Build/Intermediates.noindex/SonarConfigurationSwift.build/Debug-iphonesimulator/SonarConfigurationSwift.build/Objects-normal/x86_64/SonarConfigurationSwift-Swift.h /Users/vitor/Library/Developer/Xcode/DerivedData/SonarConfigurationSwift-gmvfubbtayzsseesacyytvzmsxfg/Build/Intermediates.noindex/SonarConfigurationSwift.build/Debug-iphonesimulator/SonarConfigurationSwift.build/DerivedSources/SonarConfigurationSwift-Swift.h

CompileAssetCatalog /Users/vitor/Library/Developer/Xcode/DerivedData/SonarConfigurationSwift-gmvfubbtayzsseesacyytvzmsxfg/Build/Products/Debug-iphonesimulator/SonarConfigurationSwift.app /Users/vitor/Documents/GitHub/SonarConfigurationSwift/SonarConfigurationSwift/Assets.xcassets (in target 'SonarConfigurationSwift' from project 'SonarConfigurationSwift')
    cd /Users/vitor/Documents/GitHub/SonarConfigurationSwift
    /Applications/Xcode.app/Contents/Developer/usr/bin/actool --output-format human-readable-text --notices --warnings --export-dependency-info /Users/vitor/Library/Developer/Xcode/DerivedData/SonarConfigurationSwift-gmvfubbtayzsseesacyytvzmsxfg/Build/Intermediates.noindex/SonarConfigurationSwift.build/Debug-iphonesimulator/SonarConfigurationSwift.build/assetcatalog_dependencies --output-partial-info-plist /Users/vitor/Library/Developer/Xcode/DerivedData/SonarConfigurationSwift-gmvfubbtayzsseesacyytvzmsxfg/Build/Intermediates.noindex/SonarConfigurationSwift.build/Debug-iphonesimulator/SonarConfigurationSwift.build/assetcatalog_generated_info.plist --app-icon AppIcon --compress-pngs --enable-on-demand-resources YES --filter-for-device-model iPhone12,5 --filter-for-device-os-version 13.0 --sticker-pack-identifier-prefix vitormendes.SonarConfigurationSwift.sticker-pack. --development-region en --target-device iphone --target-device ipad --minimum-deployment-target 13.0 --platform iphonesimulator --product-type com.apple.product-type.application --compile /Users/vitor/Library/Developer/Xcode/DerivedData/SonarConfigurationSwift-gmvfubbtayzsseesacyytvzmsxfg/Build/Products/Debug-iphonesimulator/SonarConfigurationSwift.app /Users/vitor/Documents/GitHub/SonarConfigurationSwift/SonarConfigurationSwift/Assets.xcassets
/* com.apple.actool.compilation-results */
/Users/vitor/Library/Developer/Xcode/DerivedData/SonarConfigurationSwift-gmvfubbtayzsseesacyytvzmsxfg/Build/Intermediates.noindex/SonarConfigurationSwift.build/Debug-iphonesimulator/SonarConfigurationSwift.build/assetcatalog_generated_info.plist


CompileStoryboard /Users/vitor/Documents/GitHub/SonarConfigurationSwift/SonarConfigurationSwift/Base.lproj/LaunchScreen.storyboard (in target 'SonarConfigurationSwift' from project 'SonarConfigurationSwift')
    cd /Users/vitor/Documents/GitHub/SonarConfigurationSwift
    export XCODE_DEVELOPER_USR_PATH=/Applications/Xcode.app/Contents/Developer/usr/bin/..
    /Applications/Xcode.app/Contents/Developer/usr/bin/ibtool --errors --warnings --notices --module SonarConfigurationSwift --output-partial-info-plist /Users/vitor/Library/Developer/Xcode/DerivedData/SonarConfigurationSwift-gmvfubbtayzsseesacyytvzmsxfg/Build/Intermediates.noindex/SonarConfigurationSwift.build/Debug-iphonesimulator/SonarConfigurationSwift.build/Base.lproj/LaunchScreen-SBPartialInfo.plist --auto-activate-custom-fonts --target-device iphone --target-device ipad --minimum-deployment-target 13.0 --output-format human-readable-text --compilation-directory /Users/vitor/Library/Developer/Xcode/DerivedData/SonarConfigurationSwift-gmvfubbtayzsseesacyytvzmsxfg/Build/Intermediates.noindex/SonarConfigurationSwift.build/Debug-iphonesimulator/SonarConfigurationSwift.build/Base.lproj /Users/vitor/Documents/GitHub/SonarConfigurationSwift/SonarConfigurationSwift/Base.lproj/LaunchScreen.storyboard

CompileStoryboard /Users/vitor/Documents/GitHub/SonarConfigurationSwift/SonarConfigurationSwift/Base.lproj/Main.storyboard (in target 'SonarConfigurationSwift' from project 'SonarConfigurationSwift')
    cd /Users/vitor/Documents/GitHub/SonarConfigurationSwift
    export XCODE_DEVELOPER_USR_PATH=/Applications/Xcode.app/Contents/Developer/usr/bin/..
    /Applications/Xcode.app/Contents/Developer/usr/bin/ibtool --errors --warnings --notices --module SonarConfigurationSwift --output-partial-info-plist /Users/vitor/Library/Developer/Xcode/DerivedData/SonarConfigurationSwift-gmvfubbtayzsseesacyytvzmsxfg/Build/Intermediates.noindex/SonarConfigurationSwift.build/Debug-iphonesimulator/SonarConfigurationSwift.build/Base.lproj/Main-SBPartialInfo.plist --auto-activate-custom-fonts --target-device iphone --target-device ipad --minimum-deployment-target 13.0 --output-format human-readable-text --compilation-directory /Users/vitor/Library/Developer/Xcode/DerivedData/SonarConfigurationSwift-gmvfubbtayzsseesacyytvzmsxfg/Build/Intermediates.noindex/SonarConfigurationSwift.build/Debug-iphonesimulator/SonarConfigurationSwift.build/Base.lproj /Users/vitor/Documents/GitHub/SonarConfigurationSwift/SonarConfigurationSwift/Base.lproj/Main.storyboard

ProcessInfoPlistFile /Users/vitor/Library/Developer/Xcode/DerivedData/SonarConfigurationSwift-gmvfubbtayzsseesacyytvzmsxfg/Build/Products/Debug-iphonesimulator/SonarConfigurationSwift.app/Info.plist /Users/vitor/Documents/GitHub/SonarConfigurationSwift/SonarConfigurationSwift/Info.plist (in target 'SonarConfigurationSwift' from project 'SonarConfigurationSwift')
    cd /Users/vitor/Documents/GitHub/SonarConfigurationSwift
    builtin-infoPlistUtility /Users/vitor/Documents/GitHub/SonarConfigurationSwift/SonarConfigurationSwift/Info.plist -producttype com.apple.product-type.application -genpkginfo /Users/vitor/Library/Developer/Xcode/DerivedData/SonarConfigurationSwift-gmvfubbtayzsseesacyytvzmsxfg/Build/Products/Debug-iphonesimulator/SonarConfigurationSwift.app/PkgInfo -expandbuildsettings -format binary -platform iphonesimulator -additionalcontentfile /Users/vitor/Library/Developer/Xcode/DerivedData/SonarConfigurationSwift-gmvfubbtayzsseesacyytvzmsxfg/Build/Intermediates.noindex/SonarConfigurationSwift.build/Debug-iphonesimulator/SonarConfigurationSwift.build/Base.lproj/LaunchScreen-SBPartialInfo.plist -additionalcontentfile /Users/vitor/Library/Developer/Xcode/DerivedData/SonarConfigurationSwift-gmvfubbtayzsseesacyytvzmsxfg/Build/Intermediates.noindex/SonarConfigurationSwift.build/Debug-iphonesimulator/SonarConfigurationSwift.build/Base.lproj/Main-SBPartialInfo.plist -additionalcontentfile /Users/vitor/Library/Developer/Xcode/DerivedData/SonarConfigurationSwift-gmvfubbtayzsseesacyytvzmsxfg/Build/Intermediates.noindex/SonarConfigurationSwift.build/Debug-iphonesimulator/SonarConfigurationSwift.build/assetcatalog_generated_info.plist -o /Users/vitor/Library/Developer/Xcode/DerivedData/SonarConfigurationSwift-gmvfubbtayzsseesacyytvzmsxfg/Build/Products/Debug-iphonesimulator/SonarConfigurationSwift.app/Info.plist

LinkStoryboards (in target 'SonarConfigurationSwift' from project 'SonarConfigurationSwift')
    cd /Users/vitor/Documents/GitHub/SonarConfigurationSwift
    export XCODE_DEVELOPER_USR_PATH=/Applications/Xcode.app/Contents/Developer/usr/bin/..
    /Applications/Xcode.app/Contents/Developer/usr/bin/ibtool --errors --warnings --notices --module SonarConfigurationSwift --target-device iphone --target-device ipad --minimum-deployment-target 13.0 --output-format human-readable-text --link /Users/vitor/Library/Developer/Xcode/DerivedData/SonarConfigurationSwift-gmvfubbtayzsseesacyytvzmsxfg/Build/Products/Debug-iphonesimulator/SonarConfigurationSwift.app /Users/vitor/Library/Developer/Xcode/DerivedData/SonarConfigurationSwift-gmvfubbtayzsseesacyytvzmsxfg/Build/Intermediates.noindex/SonarConfigurationSwift.build/Debug-iphonesimulator/SonarConfigurationSwift.build/Base.lproj/LaunchScreen.storyboardc /Users/vitor/Library/Developer/Xcode/DerivedData/SonarConfigurationSwift-gmvfubbtayzsseesacyytvzmsxfg/Build/Intermediates.noindex/SonarConfigurationSwift.build/Debug-iphonesimulator/SonarConfigurationSwift.build/Base.lproj/Main.storyboardc

CopySwiftLibs /Users/vitor/Library/Developer/Xcode/DerivedData/SonarConfigurationSwift-gmvfubbtayzsseesacyytvzmsxfg/Build/Products/Debug-iphonesimulator/SonarConfigurationSwift.app (in target 'SonarConfigurationSwift' from project 'SonarConfigurationSwift')
    cd /Users/vitor/Documents/GitHub/SonarConfigurationSwift
    export CODESIGN_ALLOCATE=/Applications/Xcode.app/Contents/Developer/Toolchains/XcodeDefault.xctoolchain/usr/bin/codesign_allocate
    export DEVELOPER_DIR=/Applications/Xcode.app/Contents/Developer
    export SDKROOT=/Applications/Xcode.app/Contents/Developer/Platforms/iPhoneSimulator.platform/Developer/SDKs/iPhoneSimulator13.0.sdk
    builtin-swiftStdLibTool --copy --verbose --sign - --scan-executable /Users/vitor/Library/Developer/Xcode/DerivedData/SonarConfigurationSwift-gmvfubbtayzsseesacyytvzmsxfg/Build/Products/Debug-iphonesimulator/SonarConfigurationSwift.app/SonarConfigurationSwift --scan-folder /Users/vitor/Library/Developer/Xcode/DerivedData/SonarConfigurationSwift-gmvfubbtayzsseesacyytvzmsxfg/Build/Products/Debug-iphonesimulator/SonarConfigurationSwift.app/Frameworks --scan-folder /Users/vitor/Library/Developer/Xcode/DerivedData/SonarConfigurationSwift-gmvfubbtayzsseesacyytvzmsxfg/Build/Products/Debug-iphonesimulator/SonarConfigurationSwift.app/PlugIns --scan-folder /Users/vitor/Library/Developer/Xcode/DerivedData/SonarConfigurationSwift-gmvfubbtayzsseesacyytvzmsxfg/Build/Products/Debug-iphonesimulator/Pods_SonarConfigurationSwift.framework --platform iphonesimulator --toolchain /Applications/Xcode.app/Contents/Developer/Toolchains/XcodeDefault.xctoolchain --destination /Users/vitor/Library/Developer/Xcode/DerivedData/SonarConfigurationSwift-gmvfubbtayzsseesacyytvzmsxfg/Build/Products/Debug-iphonesimulator/SonarConfigurationSwift.app/Frameworks --strip-bitcode --strip-bitcode-tool /Applications/Xcode.app/Contents/Developer/Toolchains/XcodeDefault.xctoolchain/usr/bin/bitcode_strip --emit-dependency-info /Users/vitor/Library/Developer/Xcode/DerivedData/SonarConfigurationSwift-gmvfubbtayzsseesacyytvzmsxfg/Build/Intermediates.noindex/SonarConfigurationSwift.build/Debug-iphonesimulator/SonarConfigurationSwift.build/SwiftStdLibToolInputDependencies.dep --filter-for-swift-os

CodeSign /Users/vitor/Library/Developer/Xcode/DerivedData/SonarConfigurationSwift-gmvfubbtayzsseesacyytvzmsxfg/Build/Products/Debug-iphonesimulator/SonarConfigurationSwift.app (in target 'SonarConfigurationSwift' from project 'SonarConfigurationSwift')
    cd /Users/vitor/Documents/GitHub/SonarConfigurationSwift
    export CODESIGN_ALLOCATE=/Applications/Xcode.app/Contents/Developer/Toolchains/XcodeDefault.xctoolchain/usr/bin/codesign_allocate
    
Signing Identity:     "-"

    /usr/bin/codesign --force --sign - --entitlements /Users/vitor/Library/Developer/Xcode/DerivedData/SonarConfigurationSwift-gmvfubbtayzsseesacyytvzmsxfg/Build/Intermediates.noindex/SonarConfigurationSwift.build/Debug-iphonesimulator/SonarConfigurationSwift.build/SonarConfigurationSwift.app.xcent --timestamp=none /Users/vitor/Library/Developer/Xcode/DerivedData/SonarConfigurationSwift-gmvfubbtayzsseesacyytvzmsxfg/Build/Products/Debug-iphonesimulator/SonarConfigurationSwift.app

Touch /Users/vitor/Library/Developer/Xcode/DerivedData/SonarConfigurationSwift-gmvfubbtayzsseesacyytvzmsxfg/Build/Products/Debug-iphonesimulator/SonarConfigurationSwift.app (in target 'SonarConfigurationSwift' from project 'SonarConfigurationSwift')
    cd /Users/vitor/Documents/GitHub/SonarConfigurationSwift
    /usr/bin/touch -c /Users/vitor/Library/Developer/Xcode/DerivedData/SonarConfigurationSwift-gmvfubbtayzsseesacyytvzmsxfg/Build/Products/Debug-iphonesimulator/SonarConfigurationSwift.app

** BUILD SUCCEEDED **

